#
# A fatal error has been detected by the Java Runtime Environment:
#
#  SIGSEGV (0xb) at pc=0x000076e70d6370ae, pid=57902, tid=57903
#
# JRE version: OpenJDK Runtime Environment (19.0.2+7) (build 19.0.2+7-Ubuntu-0ubuntu322.04)
# Java VM: OpenJDK 64-Bit Server VM (19.0.2+7-Ubuntu-0ubuntu322.04, mixed mode, sharing, tiered, compressed oops, compressed class ptrs, g1 gc, linux-amd64)
# Problematic frame:
# C  [libcalc.so+0xe0ae]  Token::getType()+0x10
#
# Core dump will be written. Default location: Core dumps may be processed with "/usr/share/apport/apport -p%p -s%s -c%c -d%d -P%P -u%u -g%g -- %E" (or dumping to /home/itunz/Work/JSpring/Iuliana/pro-mirror/myjni/core.57902)
#
# If you would like to submit a bug report, please visit:
#   Unknown
# The crash happened outside the Java Virtual Machine in native code.
# See problematic frame for where to report the bug.
#

---------------  S U M M A R Y ------------

Command Line: -Djava.library.path=/home/itunz/Work/JSpring/Iuliana/pro-mirror/myjni/build/libs/shared -Dfile.encoding=UTF-8 -Duser.country=US -Duser.language=en -Duser.variant com.itunz.jni.Jni

Host: 11th Gen Intel(R) Core(TM) i5-1135G7 @ 2.40GHz, 8 cores, 7G, Ubuntu 22.04.4 LTS
Time: Fri May  3 23:50:12 2024 WAT elapsed time: 0.015947 seconds (0d 0h 0m 0s)

---------------  T H R E A D  ---------------

Current thread (0x000076e7040152b0):  JavaThread "main" [_thread_in_native, id=57903, stack(0x000076e70bf00000,0x000076e70c000000)]

Stack: [0x000076e70bf00000,0x000076e70c000000],  sp=0x000076e70bffe4c0,  free space=1017k
Native frames: (J=compiled Java code, j=interpreted, Vv=VM code, C=native code)
C  [libcalc.so+0xe0ae]  Token::getType()+0x10
C  [libcalc.so+0xdd8d]  primary(std::vector<Token, std::allocator<Token> >&, unsigned int&)+0x69
C  [libcalc.so+0xdbb0]  div_mult(std::vector<Token, std::allocator<Token> >&, unsigned int&)+0x28
C  [libcalc.so+0xd9c6]  add_sub(std::vector<Token, std::allocator<Token> >&, unsigned int&)+0x37
C  [libcalc.so+0xd1cd]  Java_com_itunz_jni_Jni_evaluate+0x114
j  com.itunz.jni.Jni.evaluate(Ljava/lang/String;)D+0
j  com.itunz.jni.Jni.main([Ljava/lang/String;)V+12
v  ~StubRoutines::call_stub 0x000076e6f4137cc6
V  [libjvm.so+0x89a82b]
V  [libjvm.so+0xeefaa7]
V  [libjvm.so+0x91de99]
C  [libjli.so+0x5aa4]
C  [libjli.so+0x5c3d]

Java frames: (J=compiled Java code, j=interpreted, Vv=VM code)
j  com.itunz.jni.Jni.evaluate(Ljava/lang/String;)D+0
j  com.itunz.jni.Jni.main([Ljava/lang/String;)V+12
v  ~StubRoutines::call_stub 0x000076e6f4137cc6

siginfo: si_signo: 11 (SIGSEGV), si_code: 1 (SEGV_MAPERR), si_addr: 0x0000000000000008

Registers:
RAX=0x0000000000000000, RBX=0x0000000000000000, RCX=0x0000000000000000, RDX=0x0000000000000000
RSP=0x000076e70bffe4c0, RBP=0x000076e70bffe4c0, RSI=0x0000000000000000, RDI=0x0000000000000000
R8 =0x000076e70bffe707, R9 =0x0000000000000008, R10=0x000076e70d62b3e0, R11=0x000076e70d63709e
R12=0x0000000000000000, R13=0x000076e6d0400330, R14=0x000076e70bffe8c0, R15=0x000076e7040152b0
RIP=0x000076e70d6370ae, EFLAGS=0x0000000000010202, CSGSFS=0x002b000000000033, ERR=0x0000000000000004
  TRAPNO=0x000000000000000e


Register to memory mapping:

RAX=0x0 is NULL
RBX=0x0 is NULL
RCX=0x0 is NULL
RDX=0x0 is NULL
RSP=0x000076e70bffe4c0 is pointing into the stack for thread: 0x000076e7040152b0
RBP=0x000076e70bffe4c0 is pointing into the stack for thread: 0x000076e7040152b0
RSI=0x0 is NULL
RDI=0x0 is NULL
R8 =0x000076e70bffe707 is pointing into the stack for thread: 0x000076e7040152b0
R9 =0x0000000000000008 is an unknown value
R10=0x000076e70d62b3e0: <offset 0x00000000000023e0> in /home/itunz/Work/JSpring/Iuliana/pro-mirror/myjni/build/libs/shared/libcalc.so at 0x000076e70d629000
R11=0x000076e70d63709e: _ZN5Token7getTypeEv+0x0000000000000000 in /home/itunz/Work/JSpring/Iuliana/pro-mirror/myjni/build/libs/shared/libcalc.so at 0x000076e70d629000
R12=0x0 is NULL
R13={method} {0x000076e6d0400330} 'evaluate' '(Ljava/lang/String;)D' in 'com/itunz/jni/Jni'
R14=0x000076e70bffe8c0 is pointing into the stack for thread: 0x000076e7040152b0
R15=0x000076e7040152b0 is a thread


Top of Stack: (sp=0x000076e70bffe4c0)
0x000076e70bffe4c0:   000076e70bffe550 000076e70d636d8d
0x000076e70bffe4d0:   0000000000000000 0000000000000000
0x000076e70bffe4e0:   000076e70bffe63c 000076e70bffe650
0x000076e70bffe4f0:   0000000000000000 0000000000000000 

Instructions: (pc=0x000076e70d6370ae)
0x000076e70d636fae:   0f 11 6d 88 e8 89 ed ff ff eb a2 f3 0f 1e fa 48
0x000076e70d636fbe:   89 c3 48 8d 45 c0 48 89 c7 e8 f4 e4 ff ff eb 07
0x000076e70d636fce:   f3 0f 1e fa 48 89 c3 48 8d 45 af 48 89 c7 e8 3f
0x000076e70d636fde:   e9 ff ff 48 89 d8 48 89 c7 e8 a4 ee ff ff f3 0f
0x000076e70d636fee:   1e fa 48 89 c3 48 8d 45 c0 48 89 c7 e8 c1 e4 ff
0x000076e70d636ffe:   ff eb 07 f3 0f 1e fa 48 89 c3 48 8d 45 af 48 89
0x000076e70d63700e:   c7 e8 0c e9 ff ff 48 89 d8 48 89 c7 e8 71 ee ff
0x000076e70d63701e:   ff e8 7c e9 ff ff 66 48 0f 6e c0 48 8b 5d f8 c9
0x000076e70d63702e:   c3 f3 0f 1e fa 55 48 89 e5 48 83 ec 10 89 7d fc
0x000076e70d63703e:   89 75 f8 83 7d fc 01 75 3b 81 7d f8 ff ff 00 00
0x000076e70d63704e:   75 32 48 8d 05 cd 87 00 00 48 89 c7 e8 31 ec ff
0x000076e70d63705e:   ff 48 8d 05 a2 87 00 00 48 89 c2 48 8d 05 b4 87
0x000076e70d63706e:   00 00 48 89 c6 48 8b 05 7e 7f 00 00 48 89 c7 e8
0x000076e70d63707e:   5e e6 ff ff 90 c9 c3 f3 0f 1e fa 55 48 89 e5 be
0x000076e70d63708e:   ff ff 00 00 bf 01 00 00 00 e8 93 ff ff ff 5d c3
0x000076e70d63709e:   f3 0f 1e fa 55 48 89 e5 48 89 7d f8 48 8b 45 f8
0x000076e70d6370ae:   8b 40 08 5d c3 90 f3 0f 1e fa 55 48 89 e5 48 89
0x000076e70d6370be:   7d f8 48 8b 45 f8 48 8b 00 5d c3 90 f3 0f 1e fa
0x000076e70d6370ce:   55 48 89 e5 48 89 7d f8 48 8b 45 f8 48 8b 50 08
0x000076e70d6370de:   48 8b 45 f8 48 8b 08 48 89 d0 48 29 c8 48 c1 f8
0x000076e70d6370ee:   04 5d c3 90 f3 0f 1e fa 55 48 89 e5 48 89 7d f8
0x000076e70d6370fe:   48 89 75 f0 48 8b 45 f8 48 8b 10 48 8b 45 f0 48
0x000076e70d63710e:   c1 e0 04 48 01 d0 5d c3 f3 0f 1e fa 55 48 89 e5
0x000076e70d63711e:   53 48 83 ec 78 48 89 7d 88 48 89 75 80 64 48 8b
0x000076e70d63712e:   04 25 28 00 00 00 48 89 45 e8 31 c0 48 8b 45 88
0x000076e70d63713e:   c7 40 08 00 00 00 00 48 8b 45 80 48 89 c6 48 8b
0x000076e70d63714e:   05 55 7e 00 00 48 89 c7 e8 05 e5 ff ff 48 89 45
0x000076e70d63715e:   90 48 8b 05 42 7e 00 00 48 89 c7 e8 12 ec ff ff
0x000076e70d63716e:   48 89 45 98 48 8d 55 98 48 8d 45 90 48 89 d6 48
0x000076e70d63717e:   89 c7 e8 bb e9 ff ff 84 c0 74 1e 48 8d 45 90 48
0x000076e70d63718e:   89 c7 e8 0b ec ff ff f2 0f 10 40 20 48 8b 45 88
0x000076e70d63719e:   f2 0f 11 00 e9 8d 00 00 00 48 8d 45 c0 48 8b 55 


Stack slot to memory mapping:
stack at sp + 0 slots: 0x000076e70bffe550 is pointing into the stack for thread: 0x000076e7040152b0
stack at sp + 1 slots: 0x000076e70d636d8d: _Z7primaryRSt6vectorI5TokenSaIS0_EERj+0x0000000000000069 in /home/itunz/Work/JSpring/Iuliana/pro-mirror/myjni/build/libs/shared/libcalc.so at 0x000076e70d629000
stack at sp + 2 slots: 0x0 is NULL
stack at sp + 3 slots: 0x0 is NULL
stack at sp + 4 slots: 0x000076e70bffe63c is pointing into the stack for thread: 0x000076e7040152b0
stack at sp + 5 slots: 0x000076e70bffe650 is pointing into the stack for thread: 0x000076e7040152b0
stack at sp + 6 slots: 0x0 is NULL
stack at sp + 7 slots: 0x0 is NULL


---------------  P R O C E S S  ---------------

Threads class SMR info:
_java_thread_list=0x000076e704164340, length=11, elements={
0x000076e7040152b0, 0x000076e704146400, 0x000076e7041477c0, 0x000076e704148f10,
0x000076e70414a390, 0x000076e70414b800, 0x000076e70414d210, 0x000076e70414e7a0,
0x000076e704157c60, 0x000076e704160050, 0x000076e7041633c0
}

Java Threads: ( => current thread )
=>0x000076e7040152b0 JavaThread "main" [_thread_in_native, id=57903, stack(0x000076e70bf00000,0x000076e70c000000)]
  0x000076e704146400 JavaThread "Reference Handler" daemon [_thread_blocked, id=57910, stack(0x000076e6e860e000,0x000076e6e870e000)]
  0x000076e7041477c0 JavaThread "Finalizer" daemon [_thread_blocked, id=57911, stack(0x000076e6e850e000,0x000076e6e860e000)]
  0x000076e704148f10 JavaThread "Signal Dispatcher" daemon [_thread_blocked, id=57912, stack(0x000076e6e840e000,0x000076e6e850e000)]
  0x000076e70414a390 JavaThread "Service Thread" daemon [_thread_blocked, id=57913, stack(0x000076e6e830e000,0x000076e6e840e000)]
  0x000076e70414b800 JavaThread "Monitor Deflation Thread" daemon [_thread_blocked, id=57914, stack(0x000076e6e820e000,0x000076e6e830e000)]
  0x000076e70414d210 JavaThread "C2 CompilerThread0" daemon [_thread_blocked, id=57915, stack(0x000076e6e810e000,0x000076e6e820e000)]
  0x000076e70414e7a0 JavaThread "C1 CompilerThread0" daemon [_thread_blocked, id=57916, stack(0x000076e6e800e000,0x000076e6e810e000)]
  0x000076e704157c60 JavaThread "Sweeper thread" daemon [_thread_blocked, id=57917, stack(0x000076e6cf900000,0x000076e6cfa00000)]
  0x000076e704160050 JavaThread "Notification Thread" daemon [_thread_blocked, id=57918, stack(0x000076e6cf800000,0x000076e6cf900000)]
  0x000076e7041633c0 JavaThread "Common-Cleaner" daemon [_thread_blocked, id=57920, stack(0x000076e6cf5fe000,0x000076e6cf6fe000)]

Other Threads:
  0x000076e70413e6f0 VMThread "VM Thread" [stack: 0x000076e6e8710000,0x000076e6e8810000] [id=57909]
  0x000076e704161a30 WatcherThread "VM Periodic Task Thread" [stack: 0x000076e6cf700000,0x000076e6cf800000] [id=57919]
  0x000076e7040736c0 WorkerThread "GC Thread#0" [stack: 0x000076e7087c1000,0x000076e7088c1000] [id=57904]
  0x000076e704083db0 ConcurrentGCThread "G1 Main Marker" [stack: 0x000076e7086bf000,0x000076e7087bf000] [id=57905]
  0x000076e704084cd0 WorkerThread "G1 Conc#0" [stack: 0x000076e7085bd000,0x000076e7086bd000] [id=57906]
  0x000076e704000e00 ConcurrentGCThread "G1 Refine#0" [stack: 0x000076e6e89e5000,0x000076e6e8ae5000] [id=57907]
  0x000076e70410fb30 ConcurrentGCThread "G1 Service" [stack: 0x000076e6e88e3000,0x000076e6e89e3000] [id=57908]

Threads with active compile tasks:

VM state: not at safepoint (normal execution)

VM Mutex/Monitor currently owned by a thread: None

Heap address: 0x0000000087a00000, size: 1926 MB, Compressed Oops mode: 32-bit

CDS archive(s) mapped at: [0x0000000800000000-0x0000000800c51000-0x0000000800c51000), size 12914688, SharedBaseAddress: 0x0000000800000000, ArchiveRelocationMode: 0.
Compressed class space mapped at: 0x0000000801000000-0x0000000841000000, reserved size: 1073741824
Narrow klass base: 0x0000000800000000, Narrow klass shift: 0, Narrow klass range: 0x100000000

GC Precious Log:
 CardTable entry size: 512
 Card Set container configuration: InlinePtr #cards 5 size 8 Array Of Cards #cards 12 size 40 Howl #buckets 4 coarsen threshold 1843 Howl Bitmap #cards 512 size 80 coarsen threshold 460 Card regions per heap region 1 cards per card region 2048
 CPUs: 8 total, 8 available
 Memory: 7701M
 Large Page Support: Disabled
 NUMA Support: Disabled
 Compressed Oops: Enabled (32-bit)
 Heap Region Size: 1M
 Heap Min Capacity: 8M
 Heap Initial Capacity: 122M
 Heap Max Capacity: 1926M
 Pre-touch: Disabled
 Parallel Workers: 8
 Concurrent Workers: 2
 Concurrent Refinement Workers: 8
 Periodic GC: Disabled

Heap:
 garbage-first heap   total 126976K, used 2016K [0x0000000087a00000, 0x0000000100000000)
  region size 1024K, 2 young (2048K), 0 survivors (0K)
 Metaspace       used 85K, committed 320K, reserved 1114112K
  class space    used 3K, committed 128K, reserved 1048576K

Heap Regions: E=young(eden), S=young(survivor), O=old, HS=humongous(starts), HC=humongous(continues), CS=collection set, F=free, OA=open archive, CA=closed archive, TAMS=top-at-mark-start (previous, next)
|   0|0x0000000087a00000, 0x0000000087a00000, 0x0000000087b00000|  0%| F|  |TAMS 0x0000000087a00000, 0x0000000087a00000| Untracked 
|   1|0x0000000087b00000, 0x0000000087b00000, 0x0000000087c00000|  0%| F|  |TAMS 0x0000000087b00000, 0x0000000087b00000| Untracked 
|   2|0x0000000087c00000, 0x0000000087c00000, 0x0000000087d00000|  0%| F|  |TAMS 0x0000000087c00000, 0x0000000087c00000| Untracked 
|   3|0x0000000087d00000, 0x0000000087d00000, 0x0000000087e00000|  0%| F|  |TAMS 0x0000000087d00000, 0x0000000087d00000| Untracked 
|   4|0x0000000087e00000, 0x0000000087e00000, 0x0000000087f00000|  0%| F|  |TAMS 0x0000000087e00000, 0x0000000087e00000| Untracked 
|   5|0x0000000087f00000, 0x0000000087f00000, 0x0000000088000000|  0%| F|  |TAMS 0x0000000087f00000, 0x0000000087f00000| Untracked 
|   6|0x0000000088000000, 0x0000000088000000, 0x0000000088100000|  0%| F|  |TAMS 0x0000000088000000, 0x0000000088000000| Untracked 
|   7|0x0000000088100000, 0x0000000088100000, 0x0000000088200000|  0%| F|  |TAMS 0x0000000088100000, 0x0000000088100000| Untracked 
|   8|0x0000000088200000, 0x0000000088200000, 0x0000000088300000|  0%| F|  |TAMS 0x0000000088200000, 0x0000000088200000| Untracked 
|   9|0x0000000088300000, 0x0000000088300000, 0x0000000088400000|  0%| F|  |TAMS 0x0000000088300000, 0x0000000088300000| Untracked 
|  10|0x0000000088400000, 0x0000000088400000, 0x0000000088500000|  0%| F|  |TAMS 0x0000000088400000, 0x0000000088400000| Untracked 
|  11|0x0000000088500000, 0x0000000088500000, 0x0000000088600000|  0%| F|  |TAMS 0x0000000088500000, 0x0000000088500000| Untracked 
|  12|0x0000000088600000, 0x0000000088600000, 0x0000000088700000|  0%| F|  |TAMS 0x0000000088600000, 0x0000000088600000| Untracked 
|  13|0x0000000088700000, 0x0000000088700000, 0x0000000088800000|  0%| F|  |TAMS 0x0000000088700000, 0x0000000088700000| Untracked 
|  14|0x0000000088800000, 0x0000000088800000, 0x0000000088900000|  0%| F|  |TAMS 0x0000000088800000, 0x0000000088800000| Untracked 
|  15|0x0000000088900000, 0x0000000088900000, 0x0000000088a00000|  0%| F|  |TAMS 0x0000000088900000, 0x0000000088900000| Untracked 
|  16|0x0000000088a00000, 0x0000000088a00000, 0x0000000088b00000|  0%| F|  |TAMS 0x0000000088a00000, 0x0000000088a00000| Untracked 
|  17|0x0000000088b00000, 0x0000000088b00000, 0x0000000088c00000|  0%| F|  |TAMS 0x0000000088b00000, 0x0000000088b00000| Untracked 
|  18|0x0000000088c00000, 0x0000000088c00000, 0x0000000088d00000|  0%| F|  |TAMS 0x0000000088c00000, 0x0000000088c00000| Untracked 
|  19|0x0000000088d00000, 0x0000000088d00000, 0x0000000088e00000|  0%| F|  |TAMS 0x0000000088d00000, 0x0000000088d00000| Untracked 
|  20|0x0000000088e00000, 0x0000000088e00000, 0x0000000088f00000|  0%| F|  |TAMS 0x0000000088e00000, 0x0000000088e00000| Untracked 
|  21|0x0000000088f00000, 0x0000000088f00000, 0x0000000089000000|  0%| F|  |TAMS 0x0000000088f00000, 0x0000000088f00000| Untracked 
|  22|0x0000000089000000, 0x0000000089000000, 0x0000000089100000|  0%| F|  |TAMS 0x0000000089000000, 0x0000000089000000| Untracked 
|  23|0x0000000089100000, 0x0000000089100000, 0x0000000089200000|  0%| F|  |TAMS 0x0000000089100000, 0x0000000089100000| Untracked 
|  24|0x0000000089200000, 0x0000000089200000, 0x0000000089300000|  0%| F|  |TAMS 0x0000000089200000, 0x0000000089200000| Untracked 
|  25|0x0000000089300000, 0x0000000089300000, 0x0000000089400000|  0%| F|  |TAMS 0x0000000089300000, 0x0000000089300000| Untracked 
|  26|0x0000000089400000, 0x0000000089400000, 0x0000000089500000|  0%| F|  |TAMS 0x0000000089400000, 0x0000000089400000| Untracked 
|  27|0x0000000089500000, 0x0000000089500000, 0x0000000089600000|  0%| F|  |TAMS 0x0000000089500000, 0x0000000089500000| Untracked 
|  28|0x0000000089600000, 0x0000000089600000, 0x0000000089700000|  0%| F|  |TAMS 0x0000000089600000, 0x0000000089600000| Untracked 
|  29|0x0000000089700000, 0x0000000089700000, 0x0000000089800000|  0%| F|  |TAMS 0x0000000089700000, 0x0000000089700000| Untracked 
|  30|0x0000000089800000, 0x0000000089800000, 0x0000000089900000|  0%| F|  |TAMS 0x0000000089800000, 0x0000000089800000| Untracked 
|  31|0x0000000089900000, 0x0000000089900000, 0x0000000089a00000|  0%| F|  |TAMS 0x0000000089900000, 0x0000000089900000| Untracked 
|  32|0x0000000089a00000, 0x0000000089a00000, 0x0000000089b00000|  0%| F|  |TAMS 0x0000000089a00000, 0x0000000089a00000| Untracked 
|  33|0x0000000089b00000, 0x0000000089b00000, 0x0000000089c00000|  0%| F|  |TAMS 0x0000000089b00000, 0x0000000089b00000| Untracked 
|  34|0x0000000089c00000, 0x0000000089c00000, 0x0000000089d00000|  0%| F|  |TAMS 0x0000000089c00000, 0x0000000089c00000| Untracked 
|  35|0x0000000089d00000, 0x0000000089d00000, 0x0000000089e00000|  0%| F|  |TAMS 0x0000000089d00000, 0x0000000089d00000| Untracked 
|  36|0x0000000089e00000, 0x0000000089e00000, 0x0000000089f00000|  0%| F|  |TAMS 0x0000000089e00000, 0x0000000089e00000| Untracked 
|  37|0x0000000089f00000, 0x0000000089f00000, 0x000000008a000000|  0%| F|  |TAMS 0x0000000089f00000, 0x0000000089f00000| Untracked 
|  38|0x000000008a000000, 0x000000008a000000, 0x000000008a100000|  0%| F|  |TAMS 0x000000008a000000, 0x000000008a000000| Untracked 
|  39|0x000000008a100000, 0x000000008a100000, 0x000000008a200000|  0%| F|  |TAMS 0x000000008a100000, 0x000000008a100000| Untracked 
|  40|0x000000008a200000, 0x000000008a200000, 0x000000008a300000|  0%| F|  |TAMS 0x000000008a200000, 0x000000008a200000| Untracked 
|  41|0x000000008a300000, 0x000000008a300000, 0x000000008a400000|  0%| F|  |TAMS 0x000000008a300000, 0x000000008a300000| Untracked 
|  42|0x000000008a400000, 0x000000008a400000, 0x000000008a500000|  0%| F|  |TAMS 0x000000008a400000, 0x000000008a400000| Untracked 
|  43|0x000000008a500000, 0x000000008a500000, 0x000000008a600000|  0%| F|  |TAMS 0x000000008a500000, 0x000000008a500000| Untracked 
|  44|0x000000008a600000, 0x000000008a600000, 0x000000008a700000|  0%| F|  |TAMS 0x000000008a600000, 0x000000008a600000| Untracked 
|  45|0x000000008a700000, 0x000000008a700000, 0x000000008a800000|  0%| F|  |TAMS 0x000000008a700000, 0x000000008a700000| Untracked 
|  46|0x000000008a800000, 0x000000008a800000, 0x000000008a900000|  0%| F|  |TAMS 0x000000008a800000, 0x000000008a800000| Untracked 
|  47|0x000000008a900000, 0x000000008a900000, 0x000000008aa00000|  0%| F|  |TAMS 0x000000008a900000, 0x000000008a900000| Untracked 
|  48|0x000000008aa00000, 0x000000008aa00000, 0x000000008ab00000|  0%| F|  |TAMS 0x000000008aa00000, 0x000000008aa00000| Untracked 
|  49|0x000000008ab00000, 0x000000008ab00000, 0x000000008ac00000|  0%| F|  |TAMS 0x000000008ab00000, 0x000000008ab00000| Untracked 
|  50|0x000000008ac00000, 0x000000008ac00000, 0x000000008ad00000|  0%| F|  |TAMS 0x000000008ac00000, 0x000000008ac00000| Untracked 
|  51|0x000000008ad00000, 0x000000008ad00000, 0x000000008ae00000|  0%| F|  |TAMS 0x000000008ad00000, 0x000000008ad00000| Untracked 
|  52|0x000000008ae00000, 0x000000008ae00000, 0x000000008af00000|  0%| F|  |TAMS 0x000000008ae00000, 0x000000008ae00000| Untracked 
|  53|0x000000008af00000, 0x000000008af00000, 0x000000008b000000|  0%| F|  |TAMS 0x000000008af00000, 0x000000008af00000| Untracked 
|  54|0x000000008b000000, 0x000000008b000000, 0x000000008b100000|  0%| F|  |TAMS 0x000000008b000000, 0x000000008b000000| Untracked 
|  55|0x000000008b100000, 0x000000008b100000, 0x000000008b200000|  0%| F|  |TAMS 0x000000008b100000, 0x000000008b100000| Untracked 
|  56|0x000000008b200000, 0x000000008b200000, 0x000000008b300000|  0%| F|  |TAMS 0x000000008b200000, 0x000000008b200000| Untracked 
|  57|0x000000008b300000, 0x000000008b300000, 0x000000008b400000|  0%| F|  |TAMS 0x000000008b300000, 0x000000008b300000| Untracked 
|  58|0x000000008b400000, 0x000000008b400000, 0x000000008b500000|  0%| F|  |TAMS 0x000000008b400000, 0x000000008b400000| Untracked 
|  59|0x000000008b500000, 0x000000008b500000, 0x000000008b600000|  0%| F|  |TAMS 0x000000008b500000, 0x000000008b500000| Untracked 
|  60|0x000000008b600000, 0x000000008b600000, 0x000000008b700000|  0%| F|  |TAMS 0x000000008b600000, 0x000000008b600000| Untracked 
|  61|0x000000008b700000, 0x000000008b700000, 0x000000008b800000|  0%| F|  |TAMS 0x000000008b700000, 0x000000008b700000| Untracked 
|  62|0x000000008b800000, 0x000000008b800000, 0x000000008b900000|  0%| F|  |TAMS 0x000000008b800000, 0x000000008b800000| Untracked 
|  63|0x000000008b900000, 0x000000008b900000, 0x000000008ba00000|  0%| F|  |TAMS 0x000000008b900000, 0x000000008b900000| Untracked 
|  64|0x000000008ba00000, 0x000000008ba00000, 0x000000008bb00000|  0%| F|  |TAMS 0x000000008ba00000, 0x000000008ba00000| Untracked 
|  65|0x000000008bb00000, 0x000000008bb00000, 0x000000008bc00000|  0%| F|  |TAMS 0x000000008bb00000, 0x000000008bb00000| Untracked 
|  66|0x000000008bc00000, 0x000000008bc00000, 0x000000008bd00000|  0%| F|  |TAMS 0x000000008bc00000, 0x000000008bc00000| Untracked 
|  67|0x000000008bd00000, 0x000000008bd00000, 0x000000008be00000|  0%| F|  |TAMS 0x000000008bd00000, 0x000000008bd00000| Untracked 
|  68|0x000000008be00000, 0x000000008be00000, 0x000000008bf00000|  0%| F|  |TAMS 0x000000008be00000, 0x000000008be00000| Untracked 
|  69|0x000000008bf00000, 0x000000008bf00000, 0x000000008c000000|  0%| F|  |TAMS 0x000000008bf00000, 0x000000008bf00000| Untracked 
|  70|0x000000008c000000, 0x000000008c000000, 0x000000008c100000|  0%| F|  |TAMS 0x000000008c000000, 0x000000008c000000| Untracked 
|  71|0x000000008c100000, 0x000000008c100000, 0x000000008c200000|  0%| F|  |TAMS 0x000000008c100000, 0x000000008c100000| Untracked 
|  72|0x000000008c200000, 0x000000008c200000, 0x000000008c300000|  0%| F|  |TAMS 0x000000008c200000, 0x000000008c200000| Untracked 
|  73|0x000000008c300000, 0x000000008c300000, 0x000000008c400000|  0%| F|  |TAMS 0x000000008c300000, 0x000000008c300000| Untracked 
|  74|0x000000008c400000, 0x000000008c400000, 0x000000008c500000|  0%| F|  |TAMS 0x000000008c400000, 0x000000008c400000| Untracked 
|  75|0x000000008c500000, 0x000000008c500000, 0x000000008c600000|  0%| F|  |TAMS 0x000000008c500000, 0x000000008c500000| Untracked 
|  76|0x000000008c600000, 0x000000008c600000, 0x000000008c700000|  0%| F|  |TAMS 0x000000008c600000, 0x000000008c600000| Untracked 
|  77|0x000000008c700000, 0x000000008c700000, 0x000000008c800000|  0%| F|  |TAMS 0x000000008c700000, 0x000000008c700000| Untracked 
|  78|0x000000008c800000, 0x000000008c800000, 0x000000008c900000|  0%| F|  |TAMS 0x000000008c800000, 0x000000008c800000| Untracked 
|  79|0x000000008c900000, 0x000000008c900000, 0x000000008ca00000|  0%| F|  |TAMS 0x000000008c900000, 0x000000008c900000| Untracked 
|  80|0x000000008ca00000, 0x000000008ca00000, 0x000000008cb00000|  0%| F|  |TAMS 0x000000008ca00000, 0x000000008ca00000| Untracked 
|  81|0x000000008cb00000, 0x000000008cb00000, 0x000000008cc00000|  0%| F|  |TAMS 0x000000008cb00000, 0x000000008cb00000| Untracked 
|  82|0x000000008cc00000, 0x000000008cc00000, 0x000000008cd00000|  0%| F|  |TAMS 0x000000008cc00000, 0x000000008cc00000| Untracked 
|  83|0x000000008cd00000, 0x000000008cd00000, 0x000000008ce00000|  0%| F|  |TAMS 0x000000008cd00000, 0x000000008cd00000| Untracked 
|  84|0x000000008ce00000, 0x000000008ce00000, 0x000000008cf00000|  0%| F|  |TAMS 0x000000008ce00000, 0x000000008ce00000| Untracked 
|  85|0x000000008cf00000, 0x000000008cf00000, 0x000000008d000000|  0%| F|  |TAMS 0x000000008cf00000, 0x000000008cf00000| Untracked 
|  86|0x000000008d000000, 0x000000008d000000, 0x000000008d100000|  0%| F|  |TAMS 0x000000008d000000, 0x000000008d000000| Untracked 
|  87|0x000000008d100000, 0x000000008d100000, 0x000000008d200000|  0%| F|  |TAMS 0x000000008d100000, 0x000000008d100000| Untracked 
|  88|0x000000008d200000, 0x000000008d200000, 0x000000008d300000|  0%| F|  |TAMS 0x000000008d200000, 0x000000008d200000| Untracked 
|  89|0x000000008d300000, 0x000000008d300000, 0x000000008d400000|  0%| F|  |TAMS 0x000000008d300000, 0x000000008d300000| Untracked 
|  90|0x000000008d400000, 0x000000008d400000, 0x000000008d500000|  0%| F|  |TAMS 0x000000008d400000, 0x000000008d400000| Untracked 
|  91|0x000000008d500000, 0x000000008d500000, 0x000000008d600000|  0%| F|  |TAMS 0x000000008d500000, 0x000000008d500000| Untracked 
|  92|0x000000008d600000, 0x000000008d600000, 0x000000008d700000|  0%| F|  |TAMS 0x000000008d600000, 0x000000008d600000| Untracked 
|  93|0x000000008d700000, 0x000000008d700000, 0x000000008d800000|  0%| F|  |TAMS 0x000000008d700000, 0x000000008d700000| Untracked 
|  94|0x000000008d800000, 0x000000008d800000, 0x000000008d900000|  0%| F|  |TAMS 0x000000008d800000, 0x000000008d800000| Untracked 
|  95|0x000000008d900000, 0x000000008d900000, 0x000000008da00000|  0%| F|  |TAMS 0x000000008d900000, 0x000000008d900000| Untracked 
|  96|0x000000008da00000, 0x000000008da00000, 0x000000008db00000|  0%| F|  |TAMS 0x000000008da00000, 0x000000008da00000| Untracked 
|  97|0x000000008db00000, 0x000000008db00000, 0x000000008dc00000|  0%| F|  |TAMS 0x000000008db00000, 0x000000008db00000| Untracked 
|  98|0x000000008dc00000, 0x000000008dc00000, 0x000000008dd00000|  0%| F|  |TAMS 0x000000008dc00000, 0x000000008dc00000| Untracked 
|  99|0x000000008dd00000, 0x000000008dd00000, 0x000000008de00000|  0%| F|  |TAMS 0x000000008dd00000, 0x000000008dd00000| Untracked 
| 100|0x000000008de00000, 0x000000008de00000, 0x000000008df00000|  0%| F|  |TAMS 0x000000008de00000, 0x000000008de00000| Untracked 
| 101|0x000000008df00000, 0x000000008df00000, 0x000000008e000000|  0%| F|  |TAMS 0x000000008df00000, 0x000000008df00000| Untracked 
| 102|0x000000008e000000, 0x000000008e000000, 0x000000008e100000|  0%| F|  |TAMS 0x000000008e000000, 0x000000008e000000| Untracked 
| 103|0x000000008e100000, 0x000000008e100000, 0x000000008e200000|  0%| F|  |TAMS 0x000000008e100000, 0x000000008e100000| Untracked 
| 104|0x000000008e200000, 0x000000008e200000, 0x000000008e300000|  0%| F|  |TAMS 0x000000008e200000, 0x000000008e200000| Untracked 
| 105|0x000000008e300000, 0x000000008e300000, 0x000000008e400000|  0%| F|  |TAMS 0x000000008e300000, 0x000000008e300000| Untracked 
| 106|0x000000008e400000, 0x000000008e400000, 0x000000008e500000|  0%| F|  |TAMS 0x000000008e400000, 0x000000008e400000| Untracked 
| 107|0x000000008e500000, 0x000000008e500000, 0x000000008e600000|  0%| F|  |TAMS 0x000000008e500000, 0x000000008e500000| Untracked 
| 108|0x000000008e600000, 0x000000008e600000, 0x000000008e700000|  0%| F|  |TAMS 0x000000008e600000, 0x000000008e600000| Untracked 
| 109|0x000000008e700000, 0x000000008e700000, 0x000000008e800000|  0%| F|  |TAMS 0x000000008e700000, 0x000000008e700000| Untracked 
| 110|0x000000008e800000, 0x000000008e800000, 0x000000008e900000|  0%| F|  |TAMS 0x000000008e800000, 0x000000008e800000| Untracked 
| 111|0x000000008e900000, 0x000000008e900000, 0x000000008ea00000|  0%| F|  |TAMS 0x000000008e900000, 0x000000008e900000| Untracked 
| 112|0x000000008ea00000, 0x000000008ea00000, 0x000000008eb00000|  0%| F|  |TAMS 0x000000008ea00000, 0x000000008ea00000| Untracked 
| 113|0x000000008eb00000, 0x000000008eb00000, 0x000000008ec00000|  0%| F|  |TAMS 0x000000008eb00000, 0x000000008eb00000| Untracked 
| 114|0x000000008ec00000, 0x000000008ec00000, 0x000000008ed00000|  0%| F|  |TAMS 0x000000008ec00000, 0x000000008ec00000| Untracked 
| 115|0x000000008ed00000, 0x000000008ed00000, 0x000000008ee00000|  0%| F|  |TAMS 0x000000008ed00000, 0x000000008ed00000| Untracked 
| 116|0x000000008ee00000, 0x000000008ee00000, 0x000000008ef00000|  0%| F|  |TAMS 0x000000008ee00000, 0x000000008ee00000| Untracked 
| 117|0x000000008ef00000, 0x000000008ef00000, 0x000000008f000000|  0%| F|  |TAMS 0x000000008ef00000, 0x000000008ef00000| Untracked 
| 118|0x000000008f000000, 0x000000008f000000, 0x000000008f100000|  0%| F|  |TAMS 0x000000008f000000, 0x000000008f000000| Untracked 
| 119|0x000000008f100000, 0x000000008f100000, 0x000000008f200000|  0%| F|  |TAMS 0x000000008f100000, 0x000000008f100000| Untracked 
| 120|0x000000008f200000, 0x000000008f200800, 0x000000008f300000|  0%| E|  |TAMS 0x000000008f200000, 0x000000008f200000| Complete 
| 121|0x000000008f300000, 0x000000008f400000, 0x000000008f400000|100%| E|CS|TAMS 0x000000008f300000, 0x000000008f300000| Complete 
|1924|0x00000000ffe00000, 0x00000000ffe77000, 0x00000000fff00000| 46%|OA|  |TAMS 0x00000000ffe00000, 0x00000000ffe00000| Untracked 
|1925|0x00000000fff00000, 0x00000000fff81000, 0x0000000100000000| 50%|CA|  |TAMS 0x00000000fff00000, 0x00000000fff00000| Untracked 

Card table byte_map: [0x000076e70aa9c000,0x000076e70ae5f000] _byte_map_base: 0x000076e70a65f000

Marking Bits (Prev, Next): (CMBitMap*) 0x000076e704074150, (CMBitMap*) 0x000076e704074190
 Prev Bits: [0x000076e7088c1000, 0x000076e70a6d9000)
 Next Bits: [0x000076e6eade8000, 0x000076e6ecc00000)

Polling page: 0x000076e70d786000

Metaspace:

Usage:
  Non-class:     81.98 KB used.
      Class:      3.65 KB used.
       Both:     85.63 KB used.

Virtual space:
  Non-class space:       64.00 MB reserved,     192.00 KB ( <1%) committed,  1 nodes.
      Class space:        1.00 GB reserved,     128.00 KB ( <1%) committed,  1 nodes.
             Both:        1.06 GB reserved,     320.00 KB ( <1%) committed. 

Chunk freelists:
   Non-Class:  4.00 MB
       Class:  3.75 MB
        Both:  7.74 MB

MaxMetaspaceSize: unlimited
CompressedClassSpaceSize: 1.00 GB
Initial GC threshold: 21.00 MB
Current GC threshold: 21.00 MB
CDS: on
MetaspaceReclaimPolicy: balanced
 - commit_granule_bytes: 65536.
 - commit_granule_words: 8192.
 - virtual_space_node_default_size: 8388608.
 - enlarge_chunks_in_place: 1.
 - new_chunks_are_fully_committed: 0.
 - uncommit_free_chunks: 1.
 - use_allocation_guard: 0.


Internal statistics:

num_allocs_failed_limit: 0.
num_arena_births: 4.
num_arena_deaths: 0.
num_vsnodes_births: 2.
num_vsnodes_deaths: 0.
num_space_committed: 5.
num_space_uncommitted: 0.
num_chunks_returned_to_freelist: 0.
num_chunks_taken_from_freelist: 5.
num_chunk_merges: 0.
num_chunk_splits: 2.
num_chunks_enlarged: 0.
num_inconsistent_stats: 0.

CodeHeap 'non-profiled nmethods': size=120028Kb used=0Kb max_used=0Kb free=120028Kb
 bounds [0x000076e6f46c9000, 0x000076e6f4939000, 0x000076e6fbc00000]
CodeHeap 'profiled nmethods': size=120028Kb used=5Kb max_used=5Kb free=120022Kb
 bounds [0x000076e6ecc00000, 0x000076e6ece70000, 0x000076e6f4137000]
CodeHeap 'non-nmethods': size=5704Kb used=1124Kb max_used=1135Kb free=4579Kb
 bounds [0x000076e6f4137000, 0x000076e6f43a7000, 0x000076e6f46c9000]
 total_blobs=298 nmethods=5 adapters=206
 compilation: enabled
              stopped_count=0, restarted_count=0
 full_count=0

Compilation events (10 events):
Event: 0.013 Thread 0x000076e70414e7a0    1       3       java.lang.Object::<init> (1 bytes)
Event: 0.013 Thread 0x000076e70414e7a0 nmethod 1 0x000076e6ecc00010 code [0x000076e6ecc001a0, 0x000076e6ecc002b0]
Event: 0.013 Thread 0x000076e70414e7a0    2       3       java.lang.String::hashCode (60 bytes)
Event: 0.013 Thread 0x000076e70414e7a0 nmethod 2 0x000076e6ecc00390 code [0x000076e6ecc00560, 0x000076e6ecc008b0]
Event: 0.014 Thread 0x000076e70414e7a0    3       3       java.lang.String::coder (15 bytes)
Event: 0.014 Thread 0x000076e70414e7a0 nmethod 3 0x000076e6ecc00990 code [0x000076e6ecc00b20, 0x000076e6ecc00c50]
Event: 0.015 Thread 0x000076e70414e7a0    4       3       java.lang.String::length (11 bytes)
Event: 0.015 Thread 0x000076e70414e7a0 nmethod 4 0x000076e6ecc00d10 code [0x000076e6ecc00ec0, 0x000076e6ecc01050]
Event: 0.015 Thread 0x000076e70414e7a0    5       3       java.lang.String::isLatin1 (19 bytes)
Event: 0.015 Thread 0x000076e70414e7a0 nmethod 5 0x000076e6ecc01110 code [0x000076e6ecc012a0, 0x000076e6ecc01410]

GC Heap History (0 events):
No events

Dll operation events (4 events):
Event: 0.001 Loaded shared library /usr/lib/jvm/java-19-openjdk-amd64/lib/libjava.so
Event: 0.001 Loaded shared library /usr/lib/jvm/java-19-openjdk-amd64/lib/libzip.so
Event: 0.007 Loaded shared library /usr/lib/jvm/java-19-openjdk-amd64/lib/libjsvml.so
Event: 0.015 Loaded shared library /home/itunz/Work/JSpring/Iuliana/pro-mirror/myjni/build/libs/shared/libcalc.so

Deoptimization events (0 events):
No events

Classes loaded (10 events):
Event: 0.009 Loading class sun/nio/cs/UTF_8$Encoder
Event: 0.009 Loading class sun/nio/cs/UTF_8$Encoder done
Event: 0.013 Loading class jdk/internal/vm/PostVMInitHook
Event: 0.013 Loading class jdk/internal/vm/PostVMInitHook done
Event: 0.013 Loading class com/itunz/jni/Jni
Event: 0.013 Loading class com/itunz/jni/Jni done
Event: 0.013 Loading class jdk/internal/loader/URLClassPath$FileLoader
Event: 0.013 Loading class jdk/internal/loader/URLClassPath$FileLoader done
Event: 0.014 Loading class jdk/internal/loader/URLClassPath$FileLoader$1
Event: 0.014 Loading class jdk/internal/loader/URLClassPath$FileLoader$1 done

Classes unloaded (0 events):
No events

Classes redefined (0 events):
No events

Internal exceptions (0 events):
No events

VM Operations (0 events):
No events

Events (20 events):
Event: 0.010 Thread 0x000076e704146400 Thread added: 0x000076e704146400
Event: 0.010 Protecting memory [0x000076e6e860e000,0x000076e6e8612000] with protection modes 0
Event: 0.010 Thread 0x000076e7041477c0 Thread added: 0x000076e7041477c0
Event: 0.010 Protecting memory [0x000076e6e850e000,0x000076e6e8512000] with protection modes 0
Event: 0.010 Thread 0x000076e704148f10 Thread added: 0x000076e704148f10
Event: 0.010 Protecting memory [0x000076e6e840e000,0x000076e6e8412000] with protection modes 0
Event: 0.010 Thread 0x000076e70414a390 Thread added: 0x000076e70414a390
Event: 0.010 Protecting memory [0x000076e6e830e000,0x000076e6e8312000] with protection modes 0
Event: 0.010 Thread 0x000076e70414b800 Thread added: 0x000076e70414b800
Event: 0.010 Protecting memory [0x000076e6e820e000,0x000076e6e8212000] with protection modes 0
Event: 0.010 Thread 0x000076e70414d210 Thread added: 0x000076e70414d210
Event: 0.010 Protecting memory [0x000076e6e810e000,0x000076e6e8112000] with protection modes 0
Event: 0.011 Thread 0x000076e70414e7a0 Thread added: 0x000076e70414e7a0
Event: 0.011 Protecting memory [0x000076e6e800e000,0x000076e6e8012000] with protection modes 0
Event: 0.011 Thread 0x000076e704157c60 Thread added: 0x000076e704157c60
Event: 0.011 Protecting memory [0x000076e6cf900000,0x000076e6cf904000] with protection modes 0
Event: 0.013 Thread 0x000076e704160050 Thread added: 0x000076e704160050
Event: 0.013 Protecting memory [0x000076e6cf800000,0x000076e6cf804000] with protection modes 0
Event: 0.014 Thread 0x000076e7041633c0 Thread added: 0x000076e7041633c0
Event: 0.014 Protecting memory [0x000076e6cf5fe000,0x000076e6cf602000] with protection modes 0


Dynamic libraries:
87a00000-8f400000 rw-p 00000000 00:00 0 
8f400000-ffe00000 ---p 00000000 00:00 0 
ffe00000-ffe77000 rw-p 00d0d000 103:02 26615207                          /usr/lib/jvm/java-19-openjdk-amd64/lib/server/classes.jsa
ffe77000-fff00000 rw-p 00000000 00:00 0 
fff00000-fff81000 rw-p 00c8c000 103:02 26615207                          /usr/lib/jvm/java-19-openjdk-amd64/lib/server/classes.jsa
fff81000-100000000 rw-p 00000000 00:00 0 
800000000-800472000 rw-p 00001000 103:02 26615207                        /usr/lib/jvm/java-19-openjdk-amd64/lib/server/classes.jsa
800472000-800c51000 r--p 00473000 103:02 26615207                        /usr/lib/jvm/java-19-openjdk-amd64/lib/server/classes.jsa
800c51000-801000000 ---p 00000000 00:00 0 
801000000-801010000 rw-p 00000000 00:00 0 
801010000-801040000 ---p 00000000 00:00 0 
801040000-801050000 rw-p 00000000 00:00 0 
801050000-841000000 ---p 00000000 00:00 0 
591e9f775000-591e9f776000 r--p 00000000 103:02 25956435                  /usr/lib/jvm/java-19-openjdk-amd64/bin/java
591e9f776000-591e9f777000 r-xp 00001000 103:02 25956435                  /usr/lib/jvm/java-19-openjdk-amd64/bin/java
591e9f777000-591e9f778000 r--p 00002000 103:02 25956435                  /usr/lib/jvm/java-19-openjdk-amd64/bin/java
591e9f778000-591e9f779000 r--p 00002000 103:02 25956435                  /usr/lib/jvm/java-19-openjdk-amd64/bin/java
591e9f779000-591e9f77a000 rw-p 00003000 103:02 25956435                  /usr/lib/jvm/java-19-openjdk-amd64/bin/java
591ea072d000-591ea0774000 rw-p 00000000 00:00 0                          [heap]
76e69c000000-76e69c021000 rw-p 00000000 00:00 0 
76e69c021000-76e6a0000000 ---p 00000000 00:00 0 
76e6a0000000-76e6a0021000 rw-p 00000000 00:00 0 
76e6a0021000-76e6a4000000 ---p 00000000 00:00 0 
76e6a4000000-76e6a4021000 rw-p 00000000 00:00 0 
76e6a4021000-76e6a8000000 ---p 00000000 00:00 0 
76e6a8000000-76e6a8021000 rw-p 00000000 00:00 0 
76e6a8021000-76e6ac000000 ---p 00000000 00:00 0 
76e6ac000000-76e6ac066000 rw-p 00000000 00:00 0 
76e6ac066000-76e6b0000000 ---p 00000000 00:00 0 
76e6b0000000-76e6b0021000 rw-p 00000000 00:00 0 
76e6b0021000-76e6b4000000 ---p 00000000 00:00 0 
76e6b4000000-76e6b4021000 rw-p 00000000 00:00 0 
76e6b4021000-76e6b8000000 ---p 00000000 00:00 0 
76e6b8000000-76e6b8021000 rw-p 00000000 00:00 0 
76e6b8021000-76e6bc000000 ---p 00000000 00:00 0 
76e6bc000000-76e6bc021000 rw-p 00000000 00:00 0 
76e6bc021000-76e6c0000000 ---p 00000000 00:00 0 
76e6c0000000-76e6c0021000 rw-p 00000000 00:00 0 
76e6c0021000-76e6c4000000 ---p 00000000 00:00 0 
76e6c4000000-76e6c4021000 rw-p 00000000 00:00 0 
76e6c4021000-76e6c8000000 ---p 00000000 00:00 0 
76e6c8000000-76e6c8021000 rw-p 00000000 00:00 0 
76e6c8021000-76e6cc000000 ---p 00000000 00:00 0 
76e6cf5fe000-76e6cf602000 ---p 00000000 00:00 0 
76e6cf602000-76e6cf6fe000 rw-p 00000000 00:00 0 
76e6cf6fe000-76e6cf6ff000 ---p 00000000 00:00 0 
76e6cf6ff000-76e6cf800000 rw-p 00000000 00:00 0 
76e6cf800000-76e6cf804000 ---p 00000000 00:00 0 
76e6cf804000-76e6cf900000 rw-p 00000000 00:00 0 
76e6cf900000-76e6cf904000 ---p 00000000 00:00 0 
76e6cf904000-76e6cfa00000 rw-p 00000000 00:00 0 
76e6cfa00000-76e6cff73000 r--p 00000000 103:02 25954370                  /usr/lib/locale/locale-archive
76e6d0000000-76e6d0020000 rw-p 00000000 00:00 0 
76e6d0020000-76e6d0400000 ---p 00000000 00:00 0 
76e6d0400000-76e6d0410000 rw-p 00000000 00:00 0 
76e6d0410000-76e6d4000000 ---p 00000000 00:00 0 
76e6d4000000-76e6d4021000 rw-p 00000000 00:00 0 
76e6d4021000-76e6d8000000 ---p 00000000 00:00 0 
76e6d8000000-76e6d8021000 rw-p 00000000 00:00 0 
76e6d8021000-76e6dc000000 ---p 00000000 00:00 0 
76e6dc000000-76e6dc021000 rw-p 00000000 00:00 0 
76e6dc021000-76e6e0000000 ---p 00000000 00:00 0 
76e6e0000000-76e6e0021000 rw-p 00000000 00:00 0 
76e6e0021000-76e6e4000000 ---p 00000000 00:00 0 
76e6e4000000-76e6e4021000 rw-p 00000000 00:00 0 
76e6e4021000-76e6e8000000 ---p 00000000 00:00 0 
76e6e800e000-76e6e8012000 ---p 00000000 00:00 0 
76e6e8012000-76e6e810e000 rw-p 00000000 00:00 0 
76e6e810e000-76e6e8112000 ---p 00000000 00:00 0 
76e6e8112000-76e6e820e000 rw-p 00000000 00:00 0 
76e6e820e000-76e6e8212000 ---p 00000000 00:00 0 
76e6e8212000-76e6e830e000 rw-p 00000000 00:00 0 
76e6e830e000-76e6e8312000 ---p 00000000 00:00 0 
76e6e8312000-76e6e840e000 rw-p 00000000 00:00 0 
76e6e840e000-76e6e8412000 ---p 00000000 00:00 0 
76e6e8412000-76e6e850e000 rw-p 00000000 00:00 0 
76e6e850e000-76e6e8512000 ---p 00000000 00:00 0 
76e6e8512000-76e6e860e000 rw-p 00000000 00:00 0 
76e6e860e000-76e6e8612000 ---p 00000000 00:00 0 
76e6e8612000-76e6e870e000 rw-p 00000000 00:00 0 
76e6e870e000-76e6e870f000 ---p 00000000 00:00 0 
76e6e870f000-76e6e8810000 rw-p 00000000 00:00 0 
76e6e8810000-76e6e8815000 r--p 00000000 103:02 26615189                  /usr/lib/jvm/java-19-openjdk-amd64/lib/libjsvml.so
76e6e8815000-76e6e8856000 r-xp 00005000 103:02 26615189                  /usr/lib/jvm/java-19-openjdk-amd64/lib/libjsvml.so
76e6e8856000-76e6e88df000 r--p 00046000 103:02 26615189                  /usr/lib/jvm/java-19-openjdk-amd64/lib/libjsvml.so
76e6e88df000-76e6e88e0000 r--p 000ce000 103:02 26615189                  /usr/lib/jvm/java-19-openjdk-amd64/lib/libjsvml.so
76e6e88e0000-76e6e88e1000 rw-p 000cf000 103:02 26615189                  /usr/lib/jvm/java-19-openjdk-amd64/lib/libjsvml.so
76e6e88e1000-76e6e88e2000 ---p 00000000 00:00 0 
76e6e88e2000-76e6e89e3000 rw-p 00000000 00:00 0 
76e6e89e3000-76e6e89e4000 ---p 00000000 00:00 0 
76e6e89e4000-76e6eafd0000 rw-p 00000000 00:00 0 
76e6eafd0000-76e6ecbf8000 ---p 00000000 00:00 0 
76e6ecbf8000-76e6ecc00000 rw-p 00000000 00:00 0 
76e6ecc00000-76e6ece70000 rwxp 00000000 00:00 0 
76e6ece70000-76e6f4137000 ---p 00000000 00:00 0 
76e6f4137000-76e6f43a7000 rwxp 00000000 00:00 0 
76e6f43a7000-76e6f46c9000 ---p 00000000 00:00 0 
76e6f46c9000-76e6f4939000 rwxp 00000000 00:00 0 
76e6f4939000-76e6fbc00000 ---p 00000000 00:00 0 
76e6fbc00000-76e703f38000 r--s 00000000 103:02 26615204                  /usr/lib/jvm/java-19-openjdk-amd64/lib/modules
76e703f7f000-76e704000000 rw-p 00000000 00:00 0 
76e704000000-76e70416f000 rw-p 00000000 00:00 0 
76e70416f000-76e708000000 ---p 00000000 00:00 0 
76e70801a000-76e7085bb000 rw-p 00000000 00:00 0 
76e7085bb000-76e7085bc000 ---p 00000000 00:00 0 
76e7085bc000-76e7086bd000 rw-p 00000000 00:00 0 
76e7086bd000-76e7086be000 ---p 00000000 00:00 0 
76e7086be000-76e7087bf000 rw-p 00000000 00:00 0 
76e7087bf000-76e7087c0000 ---p 00000000 00:00 0 
76e7087c0000-76e708aa9000 rw-p 00000000 00:00 0 
76e708aa9000-76e70a6d1000 ---p 00000000 00:00 0 
76e70a6d1000-76e70a716000 rw-p 00000000 00:00 0 
76e70a716000-76e70aa9b000 ---p 00000000 00:00 0 
76e70aa9b000-76e70aad9000 rw-p 00000000 00:00 0 
76e70aad9000-76e70ae5e000 ---p 00000000 00:00 0 
76e70ae5e000-76e70ae9c000 rw-p 00000000 00:00 0 
76e70ae9c000-76e70b221000 ---p 00000000 00:00 0 
76e70b221000-76e70ba2f000 rw-p 00000000 00:00 0 
76e70ba2f000-76e70bb15000 ---p 00000000 00:00 0 
76e70bb15000-76e70bb1a000 rw-p 00000000 00:00 0 
76e70bb1a000-76e70bc00000 ---p 00000000 00:00 0 
76e70bc00000-76e70bc9a000 r--p 00000000 103:02 25952921                  /usr/lib/x86_64-linux-gnu/libstdc++.so.6.0.30
76e70bc9a000-76e70bdab000 r-xp 0009a000 103:02 25952921                  /usr/lib/x86_64-linux-gnu/libstdc++.so.6.0.30
76e70bdab000-76e70be1a000 r--p 001ab000 103:02 25952921                  /usr/lib/x86_64-linux-gnu/libstdc++.so.6.0.30
76e70be1a000-76e70be1b000 ---p 0021a000 103:02 25952921                  /usr/lib/x86_64-linux-gnu/libstdc++.so.6.0.30
76e70be1b000-76e70be26000 r--p 0021a000 103:02 25952921                  /usr/lib/x86_64-linux-gnu/libstdc++.so.6.0.30
76e70be26000-76e70be29000 rw-p 00225000 103:02 25952921                  /usr/lib/x86_64-linux-gnu/libstdc++.so.6.0.30
76e70be29000-76e70be2c000 rw-p 00000000 00:00 0 
76e70be5a000-76e70bed7000 rw-p 00000000 00:00 0 
76e70bed7000-76e70bee4000 r--p 00000000 103:02 26615182                  /usr/lib/jvm/java-19-openjdk-amd64/lib/libjava.so
76e70bee4000-76e70bef7000 r-xp 0000d000 103:02 26615182                  /usr/lib/jvm/java-19-openjdk-amd64/lib/libjava.so
76e70bef7000-76e70befd000 r--p 00020000 103:02 26615182                  /usr/lib/jvm/java-19-openjdk-amd64/lib/libjava.so
76e70befd000-76e70befe000 r--p 00025000 103:02 26615182                  /usr/lib/jvm/java-19-openjdk-amd64/lib/libjava.so
76e70befe000-76e70beff000 rw-p 00026000 103:02 26615182                  /usr/lib/jvm/java-19-openjdk-amd64/lib/libjava.so
76e70beff000-76e70bf00000 rw-p 00000000 00:00 0 
76e70bf00000-76e70bf04000 ---p 00000000 00:00 0 
76e70bf04000-76e70c000000 rw-p 00000000 00:00 0 
76e70c000000-76e70c273000 r--p 00000000 103:02 26615210                  /usr/lib/jvm/java-19-openjdk-amd64/lib/server/libjvm.so
76e70c273000-76e70d0c8000 r-xp 00273000 103:02 26615210                  /usr/lib/jvm/java-19-openjdk-amd64/lib/server/libjvm.so
76e70d0c8000-76e70d293000 r--p 010c8000 103:02 26615210                  /usr/lib/jvm/java-19-openjdk-amd64/lib/server/libjvm.so
76e70d293000-76e70d35e000 r--p 01292000 103:02 26615210                  /usr/lib/jvm/java-19-openjdk-amd64/lib/server/libjvm.so
76e70d35e000-76e70d38b000 rw-p 0135d000 103:02 26615210                  /usr/lib/jvm/java-19-openjdk-amd64/lib/server/libjvm.so
76e70d38b000-76e70d3e7000 rw-p 00000000 00:00 0 
76e70d3f9000-76e70d400000 r--s 00000000 103:02 26649014                  /usr/lib/x86_64-linux-gnu/gconv/gconv-modules.cache
76e70d400000-76e70d428000 r--p 00000000 103:02 25954522                  /usr/lib/x86_64-linux-gnu/libc.so.6
76e70d428000-76e70d5bd000 r-xp 00028000 103:02 25954522                  /usr/lib/x86_64-linux-gnu/libc.so.6
76e70d5bd000-76e70d615000 r--p 001bd000 103:02 25954522                  /usr/lib/x86_64-linux-gnu/libc.so.6
76e70d615000-76e70d616000 ---p 00215000 103:02 25954522                  /usr/lib/x86_64-linux-gnu/libc.so.6
76e70d616000-76e70d61a000 r--p 00215000 103:02 25954522                  /usr/lib/x86_64-linux-gnu/libc.so.6
76e70d61a000-76e70d61c000 rw-p 00219000 103:02 25954522                  /usr/lib/x86_64-linux-gnu/libc.so.6
76e70d61c000-76e70d629000 rw-p 00000000 00:00 0 
76e70d629000-76e70d634000 r--p 00000000 103:02 20972351                  /home/itunz/Work/JSpring/Iuliana/pro-mirror/myjni/build/libs/shared/libcalc.so
76e70d634000-76e70d63b000 r-xp 0000b000 103:02 20972351                  /home/itunz/Work/JSpring/Iuliana/pro-mirror/myjni/build/libs/shared/libcalc.so
76e70d63b000-76e70d63e000 r--p 00012000 103:02 20972351                  /home/itunz/Work/JSpring/Iuliana/pro-mirror/myjni/build/libs/shared/libcalc.so
76e70d63e000-76e70d63f000 r--p 00014000 103:02 20972351                  /home/itunz/Work/JSpring/Iuliana/pro-mirror/myjni/build/libs/shared/libcalc.so
76e70d63f000-76e70d640000 rw-p 00015000 103:02 20972351                  /home/itunz/Work/JSpring/Iuliana/pro-mirror/myjni/build/libs/shared/libcalc.so
76e70d640000-76e70d645000 rw-p 00000000 00:00 0 
76e70d645000-76e70d64c000 ---p 00000000 00:00 0 
76e70d64c000-76e70d64f000 r--p 00000000 103:02 25955208                  /usr/lib/x86_64-linux-gnu/libgcc_s.so.1
76e70d64f000-76e70d666000 r-xp 00003000 103:02 25955208                  /usr/lib/x86_64-linux-gnu/libgcc_s.so.1
76e70d666000-76e70d66a000 r--p 0001a000 103:02 25955208                  /usr/lib/x86_64-linux-gnu/libgcc_s.so.1
76e70d66a000-76e70d66b000 r--p 0001d000 103:02 25955208                  /usr/lib/x86_64-linux-gnu/libgcc_s.so.1
76e70d66b000-76e70d66c000 rw-p 0001e000 103:02 25955208                  /usr/lib/x86_64-linux-gnu/libgcc_s.so.1
76e70d66c000-76e70d67a000 r--p 00000000 103:02 25954564                  /usr/lib/x86_64-linux-gnu/libm.so.6
76e70d67a000-76e70d6f6000 r-xp 0000e000 103:02 25954564                  /usr/lib/x86_64-linux-gnu/libm.so.6
76e70d6f6000-76e70d751000 r--p 0008a000 103:02 25954564                  /usr/lib/x86_64-linux-gnu/libm.so.6
76e70d751000-76e70d752000 r--p 000e4000 103:02 25954564                  /usr/lib/x86_64-linux-gnu/libm.so.6
76e70d752000-76e70d753000 rw-p 000e5000 103:02 25954564                  /usr/lib/x86_64-linux-gnu/libm.so.6
76e70d753000-76e70d755000 rw-p 00000000 00:00 0 
76e70d755000-76e70d757000 r--p 00000000 103:02 25956711                  /usr/lib/x86_64-linux-gnu/libz.so.1.2.11
76e70d757000-76e70d768000 r-xp 00002000 103:02 25956711                  /usr/lib/x86_64-linux-gnu/libz.so.1.2.11
76e70d768000-76e70d76e000 r--p 00013000 103:02 25956711                  /usr/lib/x86_64-linux-gnu/libz.so.1.2.11
76e70d76e000-76e70d76f000 ---p 00019000 103:02 25956711                  /usr/lib/x86_64-linux-gnu/libz.so.1.2.11
76e70d76f000-76e70d770000 r--p 00019000 103:02 25956711                  /usr/lib/x86_64-linux-gnu/libz.so.1.2.11
76e70d770000-76e70d771000 rw-p 0001a000 103:02 25956711                  /usr/lib/x86_64-linux-gnu/libz.so.1.2.11
76e70d772000-76e70d774000 r--s 0000c000 103:02 26874983                  /usr/share/java/java-atk-wrapper.jar
76e70d774000-76e70d776000 r--p 00000000 103:02 26615203                  /usr/lib/jvm/java-19-openjdk-amd64/lib/libzip.so
76e70d776000-76e70d77a000 r-xp 00002000 103:02 26615203                  /usr/lib/jvm/java-19-openjdk-amd64/lib/libzip.so
76e70d77a000-76e70d77c000 r--p 00006000 103:02 26615203                  /usr/lib/jvm/java-19-openjdk-amd64/lib/libzip.so
76e70d77c000-76e70d77d000 r--p 00007000 103:02 26615203                  /usr/lib/jvm/java-19-openjdk-amd64/lib/libzip.so
76e70d77d000-76e70d77e000 rw-p 00008000 103:02 26615203                  /usr/lib/jvm/java-19-openjdk-amd64/lib/libzip.so
76e70d77e000-76e70d786000 rw-s 00000000 103:02 7209182                   /tmp/hsperfdata_itunz/57902
76e70d786000-76e70d787000 ---p 00000000 00:00 0 
76e70d787000-76e70d788000 r--p 00000000 00:00 0 
76e70d788000-76e70d78a000 r--p 00000000 103:02 26615185                  /usr/lib/jvm/java-19-openjdk-amd64/lib/libjimage.so
76e70d78a000-76e70d78c000 r-xp 00002000 103:02 26615185                  /usr/lib/jvm/java-19-openjdk-amd64/lib/libjimage.so
76e70d78c000-76e70d78d000 r--p 00004000 103:02 26615185                  /usr/lib/jvm/java-19-openjdk-amd64/lib/libjimage.so
76e70d78d000-76e70d78e000 r--p 00004000 103:02 26615185                  /usr/lib/jvm/java-19-openjdk-amd64/lib/libjimage.so
76e70d78e000-76e70d78f000 rw-p 00005000 103:02 26615185                  /usr/lib/jvm/java-19-openjdk-amd64/lib/libjimage.so
76e70d78f000-76e70d791000 r--p 00000000 103:02 26615186                  /usr/lib/jvm/java-19-openjdk-amd64/lib/libjli.so
76e70d791000-76e70d79b000 r-xp 00002000 103:02 26615186                  /usr/lib/jvm/java-19-openjdk-amd64/lib/libjli.so
76e70d79b000-76e70d79e000 r--p 0000c000 103:02 26615186                  /usr/lib/jvm/java-19-openjdk-amd64/lib/libjli.so
76e70d79e000-76e70d79f000 r--p 0000e000 103:02 26615186                  /usr/lib/jvm/java-19-openjdk-amd64/lib/libjli.so
76e70d79f000-76e70d7a0000 rw-p 0000f000 103:02 26615186                  /usr/lib/jvm/java-19-openjdk-amd64/lib/libjli.so
76e70d7a0000-76e70d7a2000 rw-p 00000000 00:00 0 
76e70d7a2000-76e70d7a4000 r--p 00000000 103:02 25953377                  /usr/lib/x86_64-linux-gnu/ld-linux-x86-64.so.2
76e70d7a4000-76e70d7ce000 r-xp 00002000 103:02 25953377                  /usr/lib/x86_64-linux-gnu/ld-linux-x86-64.so.2
76e70d7ce000-76e70d7d9000 r--p 0002c000 103:02 25953377                  /usr/lib/x86_64-linux-gnu/ld-linux-x86-64.so.2
76e70d7d9000-76e70d7da000 ---p 00000000 00:00 0 
76e70d7da000-76e70d7dc000 r--p 00037000 103:02 25953377                  /usr/lib/x86_64-linux-gnu/ld-linux-x86-64.so.2
76e70d7dc000-76e70d7de000 rw-p 00039000 103:02 25953377                  /usr/lib/x86_64-linux-gnu/ld-linux-x86-64.so.2
7ffe36a20000-7ffe36a42000 rw-p 00000000 00:00 0                          [stack]
7ffe36b6a000-7ffe36b6e000 r--p 00000000 00:00 0                          [vvar]
7ffe36b6e000-7ffe36b70000 r-xp 00000000 00:00 0                          [vdso]
ffffffffff600000-ffffffffff601000 --xp 00000000 00:00 0                  [vsyscall]


VM Arguments:
jvm_args: -Djava.library.path=/home/itunz/Work/JSpring/Iuliana/pro-mirror/myjni/build/libs/shared -Dfile.encoding=UTF-8 -Duser.country=US -Duser.language=en -Duser.variant 
java_command: com.itunz.jni.Jni
java_class_path (initial): /home/itunz/Work/JSpring/Iuliana/pro-mirror/myjni/build/classes/java/main:/home/itunz/Work/JSpring/Iuliana/pro-mirror/myjni/build/resources/main
Launcher Type: SUN_STANDARD

[Global flags]
     intx CICompilerCount                          = 4                                         {product} {ergonomic}
     uint ConcGCThreads                            = 2                                         {product} {ergonomic}
     uint G1ConcRefinementThreads                  = 8                                         {product} {ergonomic}
   size_t G1HeapRegionSize                         = 1048576                                   {product} {ergonomic}
    uintx GCDrainStackTargetSize                   = 64                                        {product} {ergonomic}
   size_t InitialHeapSize                          = 127926272                                 {product} {ergonomic}
   size_t MarkStackSize                            = 4194304                                   {product} {ergonomic}
   size_t MaxHeapSize                              = 2019557376                                {product} {ergonomic}
   size_t MaxNewSize                               = 1211105280                                {product} {ergonomic}
   size_t MinHeapDeltaBytes                        = 1048576                                   {product} {ergonomic}
   size_t MinHeapSize                              = 8388608                                   {product} {ergonomic}
    uintx NonNMethodCodeHeapSize                   = 5839372                                {pd product} {ergonomic}
    uintx NonProfiledCodeHeapSize                  = 122909434                              {pd product} {ergonomic}
    uintx ProfiledCodeHeapSize                     = 122909434                              {pd product} {ergonomic}
    uintx ReservedCodeCacheSize                    = 251658240                              {pd product} {ergonomic}
     bool SegmentedCodeCache                       = true                                      {product} {ergonomic}
   size_t SoftMaxHeapSize                          = 2019557376                             {manageable} {ergonomic}
     bool UseCompressedClassPointers               = true                           {product lp64_product} {ergonomic}
     bool UseCompressedOops                        = true                           {product lp64_product} {ergonomic}
     bool UseG1GC                                  = true                                      {product} {ergonomic}

Logging:
Log output configuration:
 #0: stdout all=warning uptime,level,tags foldmultilines=false
 #1: stderr all=off uptime,level,tags foldmultilines=false

Environment Variables:
JAVA_HOME=/usr/lib/jvm/java-19-openjdk-amd64
PATH=/home/itunz/.local/bin:/home/itunz/.local/bin:/usr/local/sbin:/usr/local/bin:/usr/sbin:/usr/bin:/sbin:/bin:/usr/games:/usr/local/games:/snap/bin:/snap/bin
USERNAME=itunz
SHELL=/bin/bash
DISPLAY=:0
LANG=en_US.UTF-8
TERM=xterm-256color

Active Locale:
LC_ALL=en_US.UTF-8
LC_COLLATE=en_US.UTF-8
LC_CTYPE=en_US.UTF-8
LC_MESSAGES=en_US.UTF-8
LC_MONETARY=en_US.UTF-8
LC_NUMERIC=en_US.UTF-8
LC_TIME=en_US.UTF-8

Signal Handlers:
   SIGSEGV: 0x000076e70ce0b900 in libjvm.so+14727424, mask=11100100010111111101111111111110, flags=SA_RESTART|SA_SIGINFO
    SIGBUS: 0x000076e70ce0b900 in libjvm.so+14727424, mask=11100100010111111101111111111110, flags=SA_RESTART|SA_SIGINFO
    SIGFPE: 0x000076e70ce0b900 in libjvm.so+14727424, mask=11100100010111111101111111111110, flags=SA_RESTART|SA_SIGINFO
   SIGPIPE: 0x000076e70ccf3f50 in libjvm.so+13582160, mask=11100100010111111101111111111110, flags=SA_RESTART|SA_SIGINFO
   SIGXFSZ: 0x000076e70ccf3f50 in libjvm.so+13582160, mask=11100100010111111101111111111110, flags=SA_RESTART|SA_SIGINFO
    SIGILL: 0x000076e70ce0b900 in libjvm.so+14727424, mask=11100100010111111101111111111110, flags=SA_RESTART|SA_SIGINFO
   SIGUSR2: 0x000076e70cced7c0 in libjvm.so+13555648, mask=00100000000000000000000000000000, flags=SA_RESTART|SA_SIGINFO
    SIGHUP: 0x000076e70cced6e0 in libjvm.so+13555424, mask=11100100010111111101111111111110, flags=SA_RESTART|SA_SIGINFO
    SIGINT: 0x000076e70cced6e0 in libjvm.so+13555424, mask=11100100010111111101111111111110, flags=SA_RESTART|SA_SIGINFO
   SIGTERM: 0x000076e70cced6e0 in libjvm.so+13555424, mask=11100100010111111101111111111110, flags=SA_RESTART|SA_SIGINFO
   SIGQUIT: 0x000076e70cced6e0 in libjvm.so+13555424, mask=11100100010111111101111111111110, flags=SA_RESTART|SA_SIGINFO
   SIGTRAP: 0x000076e70ce0b900 in libjvm.so+14727424, mask=11100100010111111101111111111110, flags=SA_RESTART|SA_SIGINFO


---------------  S Y S T E M  ---------------

OS:
DISTRIB_ID=Ubuntu
DISTRIB_RELEASE=22.04
DISTRIB_CODENAME=jammy
DISTRIB_DESCRIPTION="Ubuntu 22.04.4 LTS"
uname: Linux 6.5.0-28-generic #29~22.04.1-Ubuntu SMP PREEMPT_DYNAMIC Thu Apr  4 14:39:20 UTC 2 x86_64
OS uptime: 0 days 0:51 hours
libc: glibc 2.35 NPTL 2.35 
rlimit (soft/hard): STACK 8192k/infinity , CORE 0k/infinity , NPROC 30484/30484 , NOFILE 1048576/1048576 , AS infinity/infinity , CPU infinity/infinity , DATA infinity/infinity , FSIZE infinity/infinity , MEMLOCK 985800k/985800k
load average: 0.55 0.66 0.62

/proc/meminfo:
MemTotal:        7886428 kB
MemFree:          374996 kB
MemAvailable:    2043980 kB
Buffers:          102548 kB
Cached:          2285292 kB
SwapCached:        41628 kB
Active:          4122604 kB
Inactive:        2542960 kB
Active(anon):    3499840 kB
Inactive(anon):  1384092 kB
Active(file):     622764 kB
Inactive(file):  1158868 kB
Unevictable:      243976 kB
Mlocked:              16 kB
SwapTotal:       2097148 kB
SwapFree:         912380 kB
Zswap:                 0 kB
Zswapped:              0 kB
Dirty:              4780 kB
Writeback:             0 kB
AnonPages:       4487556 kB
Mapped:           719448 kB
Shmem:            617796 kB
KReclaimable:     199648 kB
Slab:             412536 kB
SReclaimable:     199648 kB
SUnreclaim:       212888 kB
KernelStack:       26120 kB
PageTables:        61592 kB
SecPageTables:         0 kB
NFS_Unstable:          0 kB
Bounce:                0 kB
WritebackTmp:          0 kB
CommitLimit:     6040360 kB
Committed_AS:   15510696 kB
VmallocTotal:   34359738367 kB
VmallocUsed:       63284 kB
VmallocChunk:          0 kB
Percpu:             7392 kB
HardwareCorrupted:     0 kB
AnonHugePages:         0 kB
ShmemHugePages:   471040 kB
ShmemPmdMapped:        0 kB
FileHugePages:         0 kB
FilePmdMapped:         0 kB
Unaccepted:            0 kB
HugePages_Total:       0
HugePages_Free:        0
HugePages_Rsvd:        0
HugePages_Surp:        0
Hugepagesize:       2048 kB
Hugetlb:               0 kB
DirectMap4k:      253888 kB
DirectMap2M:     4751360 kB
DirectMap1G:     3145728 kB

/sys/kernel/mm/transparent_hugepage/enabled: always [madvise] never
/sys/kernel/mm/transparent_hugepage/defrag (defrag/compaction efforts parameter): always defer defer+madvise [madvise] never

Process Memory:
Virtual Size: 4840540K (peak: 4840540K)
Resident Set Size: 35456K (peak: 35456K) (anon: 8064K, file: 27392K, shmem: 0K)
Swapped out: 0K
C-Heap outstanding allocations: 19732K, retained: 2147K
glibc malloc tunables: (default)

/proc/sys/kernel/threads-max (system-wide limit on the number of threads): 60969
/proc/sys/vm/max_map_count (maximum number of memory map areas a process may have): 65530
/proc/sys/kernel/pid_max (system-wide limit on number of process identifiers): 4194304

container (cgroup) information:
container_type: cgroupv2
cpu_cpuset_cpus: not supported
cpu_memory_nodes: not supported
active_processor_count: 8
cpu_quota: not supported
cpu_period: not supported
cpu_shares: not supported
memory_limit_in_bytes: unlimited
memory_and_swap_limit_in_bytes: unlimited
memory_soft_limit_in_bytes: unlimited
memory_usage_in_bytes: 3007324 k
memory_max_usage_in_bytes: not supported
maximum number of tasks: 9145
current number of tasks: 429

Steal ticks since vm start: 0
Steal ticks percentage since vm start:  0.000

CPU: total 8 (initial active 8) (4 cores per cpu, 2 threads per core) family 6 model 140 stepping 1 microcode 0xb4, cx8, cmov, fxsr, ht, mmx, 3dnowpref, sse, sse2, sse3, ssse3, sse4.1, sse4.2, popcnt, lzcnt, tsc, tscinvbit, avx, avx2, aes, erms, clmul, bmi1, bmi2, adx, avx512f, avx512dq, avx512cd, avx512bw, avx512vl, sha, fma, vzeroupper, avx512_vpopcntdq, avx512_vpclmulqdq, avx512_vaes, avx512_vnni, clflush, clflushopt, clwb, avx512_vbmi2, avx512_vbmi, rdtscp, rdpid, fsrm, gfni, avx512_bitalg
CPU Model and flags from /proc/cpuinfo:
model name	: 11th Gen Intel(R) Core(TM) i5-1135G7 @ 2.40GHz
flags		: fpu vme de pse tsc msr pae mce cx8 apic sep mtrr pge mca cmov pat pse36 clflush dts acpi mmx fxsr sse sse2 ss ht tm pbe syscall nx pdpe1gb rdtscp lm constant_tsc art arch_perfmon pebs bts rep_good nopl xtopology nonstop_tsc cpuid aperfmperf tsc_known_freq pni pclmulqdq dtes64 monitor ds_cpl vmx est tm2 ssse3 sdbg fma cx16 xtpr pdcm pcid sse4_1 sse4_2 x2apic movbe popcnt tsc_deadline_timer aes xsave avx f16c rdrand lahf_lm abm 3dnowprefetch cpuid_fault epb cat_l2 invpcid_single cdp_l2 ssbd ibrs ibpb stibp ibrs_enhanced tpr_shadow flexpriority ept vpid ept_ad fsgsbase tsc_adjust bmi1 avx2 smep bmi2 erms invpcid rdt_a avx512f avx512dq rdseed adx smap avx512ifma clflushopt clwb intel_pt avx512cd sha_ni avx512bw avx512vl xsaveopt xsavec xgetbv1 xsaves split_lock_detect dtherm ida arat pln pts hwp hwp_notify hwp_act_window hwp_epp hwp_pkg_req vnmi avx512vbmi umip pku ospke avx512_vbmi2 gfni vaes vpclmulqdq avx512_vnni avx512_bitalg avx512_vpopcntdq rdpid movdiri movdir64b fsrm avx512_vp2intersect md_clear ibt flush_l1d arch_capabilities

Online cpus: 0-7
Offline cpus: 
BIOS frequency limitation: <Not Available>
Frequency switch latency (ns): 0
Available cpu frequencies: <Not Available>
Current governor: powersave
Core performance/turbo boost: <Not Available>

Memory: 4k page, physical 7886428k(374996k free), swap 2097148k(912380k free)
Page Sizes: 4k

vm_info: OpenJDK 64-Bit Server VM (19.0.2+7-Ubuntu-0ubuntu322.04) for linux-amd64 JRE (19.0.2+7-Ubuntu-0ubuntu322.04), built on 2023-02-19T21:39:48Z by "buildd" with gcc 11.3.0

END.
