#
# A fatal error has been detected by the Java Runtime Environment:
#
#  SIGSEGV (0xb) at pc=0x0000786b7d2520ae, pid=64802, tid=64803
#
# JRE version: OpenJDK Runtime Environment (19.0.2+7) (build 19.0.2+7-Ubuntu-0ubuntu322.04)
# Java VM: OpenJDK 64-Bit Server VM (19.0.2+7-Ubuntu-0ubuntu322.04, mixed mode, sharing, tiered, compressed oops, compressed class ptrs, g1 gc, linux-amd64)
# Problematic frame:
# C  [libcalc.so+0xe0ae]  Token::getType()+0x10
#
# Core dump will be written. Default location: Core dumps may be processed with "/usr/share/apport/apport -p%p -s%s -c%c -d%d -P%P -u%u -g%g -- %E" (or dumping to /home/itunz/Work/JSpring/Iuliana/pro-mirror/myjni/core.64802)
#
# If you would like to submit a bug report, please visit:
#   Unknown
# The crash happened outside the Java Virtual Machine in native code.
# See problematic frame for where to report the bug.
#

---------------  S U M M A R Y ------------

Command Line: -Djava.library.path=/home/itunz/Work/JSpring/Iuliana/pro-mirror/myjni/build/libs/shared -Dfile.encoding=UTF-8 -Duser.country=US -Duser.language=en -Duser.variant com.itunz.jni.Jni

Host: 11th Gen Intel(R) Core(TM) i5-1135G7 @ 2.40GHz, 8 cores, 7G, Ubuntu 22.04.4 LTS
Time: Fri May  3 23:57:13 2024 WAT elapsed time: 0.015870 seconds (0d 0h 0m 0s)

---------------  T H R E A D  ---------------

Current thread (0x0000786b740152b0):  JavaThread "main" [_thread_in_native, id=64803, stack(0x0000786b7b700000,0x0000786b7b800000)]

Stack: [0x0000786b7b700000,0x0000786b7b800000],  sp=0x0000786b7b7fe4c0,  free space=1017k
Native frames: (J=compiled Java code, j=interpreted, Vv=VM code, C=native code)
C  [libcalc.so+0xe0ae]  Token::getType()+0x10
C  [libcalc.so+0xdd8d]  primary(std::vector<Token, std::allocator<Token> >&, unsigned int&)+0x69
C  [libcalc.so+0xdbb0]  div_mult(std::vector<Token, std::allocator<Token> >&, unsigned int&)+0x28
C  [libcalc.so+0xd9c6]  add_sub(std::vector<Token, std::allocator<Token> >&, unsigned int&)+0x37
C  [libcalc.so+0xd1cd]  Java_com_itunz_jni_Jni_evaluate+0x114
j  com.itunz.jni.Jni.evaluate(Ljava/lang/String;)D+0
j  com.itunz.jni.Jni.main([Ljava/lang/String;)V+12
v  ~StubRoutines::call_stub 0x0000786b64137cc6
V  [libjvm.so+0x89a82b]
V  [libjvm.so+0xeefaa7]
V  [libjvm.so+0x91de99]
C  [libjli.so+0x5aa4]
C  [libjli.so+0x5c3d]

Java frames: (J=compiled Java code, j=interpreted, Vv=VM code)
j  com.itunz.jni.Jni.evaluate(Ljava/lang/String;)D+0
j  com.itunz.jni.Jni.main([Ljava/lang/String;)V+12
v  ~StubRoutines::call_stub 0x0000786b64137cc6

siginfo: si_signo: 11 (SIGSEGV), si_code: 1 (SEGV_MAPERR), si_addr: 0x0000000000000008

Registers:
RAX=0x0000000000000000, RBX=0x0000000000000000, RCX=0x0000000000000000, RDX=0x0000000000000000
RSP=0x0000786b7b7fe4c0, RBP=0x0000786b7b7fe4c0, RSI=0x0000000000000000, RDI=0x0000000000000000
R8 =0x0000786b7b7fe707, R9 =0x0000000000000008, R10=0x0000786b7d2463e0, R11=0x0000786b7d25209e
R12=0x0000000000000000, R13=0x0000786b40400330, R14=0x0000786b7b7fe8c0, R15=0x0000786b740152b0
RIP=0x0000786b7d2520ae, EFLAGS=0x0000000000010202, CSGSFS=0x002b000000000033, ERR=0x0000000000000004
  TRAPNO=0x000000000000000e


Register to memory mapping:

RAX=0x0 is NULL
RBX=0x0 is NULL
RCX=0x0 is NULL
RDX=0x0 is NULL
RSP=0x0000786b7b7fe4c0 is pointing into the stack for thread: 0x0000786b740152b0
RBP=0x0000786b7b7fe4c0 is pointing into the stack for thread: 0x0000786b740152b0
RSI=0x0 is NULL
RDI=0x0 is NULL
R8 =0x0000786b7b7fe707 is pointing into the stack for thread: 0x0000786b740152b0
R9 =0x0000000000000008 is an unknown value
R10=0x0000786b7d2463e0: <offset 0x00000000000023e0> in /home/itunz/Work/JSpring/Iuliana/pro-mirror/myjni/build/libs/shared/libcalc.so at 0x0000786b7d244000
R11=0x0000786b7d25209e: _ZN5Token7getTypeEv+0x0000000000000000 in /home/itunz/Work/JSpring/Iuliana/pro-mirror/myjni/build/libs/shared/libcalc.so at 0x0000786b7d244000
R12=0x0 is NULL
R13={method} {0x0000786b40400330} 'evaluate' '(Ljava/lang/String;)D' in 'com/itunz/jni/Jni'
R14=0x0000786b7b7fe8c0 is pointing into the stack for thread: 0x0000786b740152b0
R15=0x0000786b740152b0 is a thread


Top of Stack: (sp=0x0000786b7b7fe4c0)
0x0000786b7b7fe4c0:   0000786b7b7fe550 0000786b7d251d8d
0x0000786b7b7fe4d0:   0000000000000000 0000000000000000
0x0000786b7b7fe4e0:   0000786b7b7fe63c 0000786b7b7fe650
0x0000786b7b7fe4f0:   0000000000000000 0000000000000000 

Instructions: (pc=0x0000786b7d2520ae)
0x0000786b7d251fae:   0f 11 6d 88 e8 89 ed ff ff eb a2 f3 0f 1e fa 48
0x0000786b7d251fbe:   89 c3 48 8d 45 c0 48 89 c7 e8 f4 e4 ff ff eb 07
0x0000786b7d251fce:   f3 0f 1e fa 48 89 c3 48 8d 45 af 48 89 c7 e8 3f
0x0000786b7d251fde:   e9 ff ff 48 89 d8 48 89 c7 e8 a4 ee ff ff f3 0f
0x0000786b7d251fee:   1e fa 48 89 c3 48 8d 45 c0 48 89 c7 e8 c1 e4 ff
0x0000786b7d251ffe:   ff eb 07 f3 0f 1e fa 48 89 c3 48 8d 45 af 48 89
0x0000786b7d25200e:   c7 e8 0c e9 ff ff 48 89 d8 48 89 c7 e8 71 ee ff
0x0000786b7d25201e:   ff e8 7c e9 ff ff 66 48 0f 6e c0 48 8b 5d f8 c9
0x0000786b7d25202e:   c3 f3 0f 1e fa 55 48 89 e5 48 83 ec 10 89 7d fc
0x0000786b7d25203e:   89 75 f8 83 7d fc 01 75 3b 81 7d f8 ff ff 00 00
0x0000786b7d25204e:   75 32 48 8d 05 cd 87 00 00 48 89 c7 e8 31 ec ff
0x0000786b7d25205e:   ff 48 8d 05 a2 87 00 00 48 89 c2 48 8d 05 b4 87
0x0000786b7d25206e:   00 00 48 89 c6 48 8b 05 7e 7f 00 00 48 89 c7 e8
0x0000786b7d25207e:   5e e6 ff ff 90 c9 c3 f3 0f 1e fa 55 48 89 e5 be
0x0000786b7d25208e:   ff ff 00 00 bf 01 00 00 00 e8 93 ff ff ff 5d c3
0x0000786b7d25209e:   f3 0f 1e fa 55 48 89 e5 48 89 7d f8 48 8b 45 f8
0x0000786b7d2520ae:   8b 40 08 5d c3 90 f3 0f 1e fa 55 48 89 e5 48 89
0x0000786b7d2520be:   7d f8 48 8b 45 f8 48 8b 00 5d c3 90 f3 0f 1e fa
0x0000786b7d2520ce:   55 48 89 e5 48 89 7d f8 48 8b 45 f8 48 8b 50 08
0x0000786b7d2520de:   48 8b 45 f8 48 8b 08 48 89 d0 48 29 c8 48 c1 f8
0x0000786b7d2520ee:   04 5d c3 90 f3 0f 1e fa 55 48 89 e5 48 89 7d f8
0x0000786b7d2520fe:   48 89 75 f0 48 8b 45 f8 48 8b 10 48 8b 45 f0 48
0x0000786b7d25210e:   c1 e0 04 48 01 d0 5d c3 f3 0f 1e fa 55 48 89 e5
0x0000786b7d25211e:   53 48 83 ec 78 48 89 7d 88 48 89 75 80 64 48 8b
0x0000786b7d25212e:   04 25 28 00 00 00 48 89 45 e8 31 c0 48 8b 45 88
0x0000786b7d25213e:   c7 40 08 00 00 00 00 48 8b 45 80 48 89 c6 48 8b
0x0000786b7d25214e:   05 55 7e 00 00 48 89 c7 e8 05 e5 ff ff 48 89 45
0x0000786b7d25215e:   90 48 8b 05 42 7e 00 00 48 89 c7 e8 12 ec ff ff
0x0000786b7d25216e:   48 89 45 98 48 8d 55 98 48 8d 45 90 48 89 d6 48
0x0000786b7d25217e:   89 c7 e8 bb e9 ff ff 84 c0 74 1e 48 8d 45 90 48
0x0000786b7d25218e:   89 c7 e8 0b ec ff ff f2 0f 10 40 20 48 8b 45 88
0x0000786b7d25219e:   f2 0f 11 00 e9 8d 00 00 00 48 8d 45 c0 48 8b 55 


Stack slot to memory mapping:
stack at sp + 0 slots: 0x0000786b7b7fe550 is pointing into the stack for thread: 0x0000786b740152b0
stack at sp + 1 slots: 0x0000786b7d251d8d: _Z7primaryRSt6vectorI5TokenSaIS0_EERj+0x0000000000000069 in /home/itunz/Work/JSpring/Iuliana/pro-mirror/myjni/build/libs/shared/libcalc.so at 0x0000786b7d244000
stack at sp + 2 slots: 0x0 is NULL
stack at sp + 3 slots: 0x0 is NULL
stack at sp + 4 slots: 0x0000786b7b7fe63c is pointing into the stack for thread: 0x0000786b740152b0
stack at sp + 5 slots: 0x0000786b7b7fe650 is pointing into the stack for thread: 0x0000786b740152b0
stack at sp + 6 slots: 0x0 is NULL
stack at sp + 7 slots: 0x0 is NULL


---------------  P R O C E S S  ---------------

Threads class SMR info:
_java_thread_list=0x0000786b74164220, length=11, elements={
0x0000786b740152b0, 0x0000786b74146400, 0x0000786b741477c0, 0x0000786b74148df0,
0x0000786b7414a270, 0x0000786b7414b6e0, 0x0000786b7414d0f0, 0x0000786b7414e680,
0x0000786b74157b40, 0x0000786b7415ff30, 0x0000786b741632a0
}

Java Threads: ( => current thread )
=>0x0000786b740152b0 JavaThread "main" [_thread_in_native, id=64803, stack(0x0000786b7b700000,0x0000786b7b800000)]
  0x0000786b74146400 JavaThread "Reference Handler" daemon [_thread_blocked, id=64810, stack(0x0000786b58189000,0x0000786b58289000)]
  0x0000786b741477c0 JavaThread "Finalizer" daemon [_thread_blocked, id=64811, stack(0x0000786b58089000,0x0000786b58189000)]
  0x0000786b74148df0 JavaThread "Signal Dispatcher" daemon [_thread_blocked, id=64812, stack(0x0000786b3f900000,0x0000786b3fa00000)]
  0x0000786b7414a270 JavaThread "Service Thread" daemon [_thread_blocked, id=64813, stack(0x0000786b3f800000,0x0000786b3f900000)]
  0x0000786b7414b6e0 JavaThread "Monitor Deflation Thread" daemon [_thread_blocked, id=64814, stack(0x0000786b3f700000,0x0000786b3f800000)]
  0x0000786b7414d0f0 JavaThread "C2 CompilerThread0" daemon [_thread_blocked, id=64815, stack(0x0000786b3f600000,0x0000786b3f700000)]
  0x0000786b7414e680 JavaThread "C1 CompilerThread0" daemon [_thread_blocked, id=64816, stack(0x0000786b3f500000,0x0000786b3f600000)]
  0x0000786b74157b40 JavaThread "Sweeper thread" daemon [_thread_blocked, id=64817, stack(0x0000786b3f400000,0x0000786b3f500000)]
  0x0000786b7415ff30 JavaThread "Notification Thread" daemon [_thread_blocked, id=64818, stack(0x0000786b3f300000,0x0000786b3f400000)]
  0x0000786b741632a0 JavaThread "Common-Cleaner" daemon [_thread_blocked, id=64820, stack(0x0000786b3f0fe000,0x0000786b3f1fe000)]

Other Threads:
  0x0000786b7413e6f0 VMThread "VM Thread" [stack: 0x0000786b5828b000,0x0000786b5838b000] [id=64809]
  0x0000786b74161910 WatcherThread "VM Periodic Task Thread" [stack: 0x0000786b3f200000,0x0000786b3f300000] [id=64819]
  0x0000786b740736c0 WorkerThread "GC Thread#0" [stack: 0x0000786b7832f000,0x0000786b7842f000] [id=64804]
  0x0000786b74083db0 ConcurrentGCThread "G1 Main Marker" [stack: 0x0000786b7822d000,0x0000786b7832d000] [id=64805]
  0x0000786b74084cd0 WorkerThread "G1 Conc#0" [stack: 0x0000786b7812b000,0x0000786b7822b000] [id=64806]
  0x0000786b74000e00 ConcurrentGCThread "G1 Refine#0" [stack: 0x0000786b585e1000,0x0000786b586e1000] [id=64807]
  0x0000786b7410fb30 ConcurrentGCThread "G1 Service" [stack: 0x0000786b584df000,0x0000786b585df000] [id=64808]

Threads with active compile tasks:

VM state: not at safepoint (normal execution)

VM Mutex/Monitor currently owned by a thread: None

Heap address: 0x0000000087a00000, size: 1926 MB, Compressed Oops mode: 32-bit

CDS archive(s) mapped at: [0x0000000800000000-0x0000000800c51000-0x0000000800c51000), size 12914688, SharedBaseAddress: 0x0000000800000000, ArchiveRelocationMode: 0.
Compressed class space mapped at: 0x0000000801000000-0x0000000841000000, reserved size: 1073741824
Narrow klass base: 0x0000000800000000, Narrow klass shift: 0, Narrow klass range: 0x100000000

GC Precious Log:
 CardTable entry size: 512
 Card Set container configuration: InlinePtr #cards 5 size 8 Array Of Cards #cards 12 size 40 Howl #buckets 4 coarsen threshold 1843 Howl Bitmap #cards 512 size 80 coarsen threshold 460 Card regions per heap region 1 cards per card region 2048
 CPUs: 8 total, 8 available
 Memory: 7701M
 Large Page Support: Disabled
 NUMA Support: Disabled
 Compressed Oops: Enabled (32-bit)
 Heap Region Size: 1M
 Heap Min Capacity: 8M
 Heap Initial Capacity: 122M
 Heap Max Capacity: 1926M
 Pre-touch: Disabled
 Parallel Workers: 8
 Concurrent Workers: 2
 Concurrent Refinement Workers: 8
 Periodic GC: Disabled

Heap:
 garbage-first heap   total 126976K, used 2016K [0x0000000087a00000, 0x0000000100000000)
  region size 1024K, 2 young (2048K), 0 survivors (0K)
 Metaspace       used 85K, committed 320K, reserved 1114112K
  class space    used 3K, committed 128K, reserved 1048576K

Heap Regions: E=young(eden), S=young(survivor), O=old, HS=humongous(starts), HC=humongous(continues), CS=collection set, F=free, OA=open archive, CA=closed archive, TAMS=top-at-mark-start (previous, next)
|   0|0x0000000087a00000, 0x0000000087a00000, 0x0000000087b00000|  0%| F|  |TAMS 0x0000000087a00000, 0x0000000087a00000| Untracked 
|   1|0x0000000087b00000, 0x0000000087b00000, 0x0000000087c00000|  0%| F|  |TAMS 0x0000000087b00000, 0x0000000087b00000| Untracked 
|   2|0x0000000087c00000, 0x0000000087c00000, 0x0000000087d00000|  0%| F|  |TAMS 0x0000000087c00000, 0x0000000087c00000| Untracked 
|   3|0x0000000087d00000, 0x0000000087d00000, 0x0000000087e00000|  0%| F|  |TAMS 0x0000000087d00000, 0x0000000087d00000| Untracked 
|   4|0x0000000087e00000, 0x0000000087e00000, 0x0000000087f00000|  0%| F|  |TAMS 0x0000000087e00000, 0x0000000087e00000| Untracked 
|   5|0x0000000087f00000, 0x0000000087f00000, 0x0000000088000000|  0%| F|  |TAMS 0x0000000087f00000, 0x0000000087f00000| Untracked 
|   6|0x0000000088000000, 0x0000000088000000, 0x0000000088100000|  0%| F|  |TAMS 0x0000000088000000, 0x0000000088000000| Untracked 
|   7|0x0000000088100000, 0x0000000088100000, 0x0000000088200000|  0%| F|  |TAMS 0x0000000088100000, 0x0000000088100000| Untracked 
|   8|0x0000000088200000, 0x0000000088200000, 0x0000000088300000|  0%| F|  |TAMS 0x0000000088200000, 0x0000000088200000| Untracked 
|   9|0x0000000088300000, 0x0000000088300000, 0x0000000088400000|  0%| F|  |TAMS 0x0000000088300000, 0x0000000088300000| Untracked 
|  10|0x0000000088400000, 0x0000000088400000, 0x0000000088500000|  0%| F|  |TAMS 0x0000000088400000, 0x0000000088400000| Untracked 
|  11|0x0000000088500000, 0x0000000088500000, 0x0000000088600000|  0%| F|  |TAMS 0x0000000088500000, 0x0000000088500000| Untracked 
|  12|0x0000000088600000, 0x0000000088600000, 0x0000000088700000|  0%| F|  |TAMS 0x0000000088600000, 0x0000000088600000| Untracked 
|  13|0x0000000088700000, 0x0000000088700000, 0x0000000088800000|  0%| F|  |TAMS 0x0000000088700000, 0x0000000088700000| Untracked 
|  14|0x0000000088800000, 0x0000000088800000, 0x0000000088900000|  0%| F|  |TAMS 0x0000000088800000, 0x0000000088800000| Untracked 
|  15|0x0000000088900000, 0x0000000088900000, 0x0000000088a00000|  0%| F|  |TAMS 0x0000000088900000, 0x0000000088900000| Untracked 
|  16|0x0000000088a00000, 0x0000000088a00000, 0x0000000088b00000|  0%| F|  |TAMS 0x0000000088a00000, 0x0000000088a00000| Untracked 
|  17|0x0000000088b00000, 0x0000000088b00000, 0x0000000088c00000|  0%| F|  |TAMS 0x0000000088b00000, 0x0000000088b00000| Untracked 
|  18|0x0000000088c00000, 0x0000000088c00000, 0x0000000088d00000|  0%| F|  |TAMS 0x0000000088c00000, 0x0000000088c00000| Untracked 
|  19|0x0000000088d00000, 0x0000000088d00000, 0x0000000088e00000|  0%| F|  |TAMS 0x0000000088d00000, 0x0000000088d00000| Untracked 
|  20|0x0000000088e00000, 0x0000000088e00000, 0x0000000088f00000|  0%| F|  |TAMS 0x0000000088e00000, 0x0000000088e00000| Untracked 
|  21|0x0000000088f00000, 0x0000000088f00000, 0x0000000089000000|  0%| F|  |TAMS 0x0000000088f00000, 0x0000000088f00000| Untracked 
|  22|0x0000000089000000, 0x0000000089000000, 0x0000000089100000|  0%| F|  |TAMS 0x0000000089000000, 0x0000000089000000| Untracked 
|  23|0x0000000089100000, 0x0000000089100000, 0x0000000089200000|  0%| F|  |TAMS 0x0000000089100000, 0x0000000089100000| Untracked 
|  24|0x0000000089200000, 0x0000000089200000, 0x0000000089300000|  0%| F|  |TAMS 0x0000000089200000, 0x0000000089200000| Untracked 
|  25|0x0000000089300000, 0x0000000089300000, 0x0000000089400000|  0%| F|  |TAMS 0x0000000089300000, 0x0000000089300000| Untracked 
|  26|0x0000000089400000, 0x0000000089400000, 0x0000000089500000|  0%| F|  |TAMS 0x0000000089400000, 0x0000000089400000| Untracked 
|  27|0x0000000089500000, 0x0000000089500000, 0x0000000089600000|  0%| F|  |TAMS 0x0000000089500000, 0x0000000089500000| Untracked 
|  28|0x0000000089600000, 0x0000000089600000, 0x0000000089700000|  0%| F|  |TAMS 0x0000000089600000, 0x0000000089600000| Untracked 
|  29|0x0000000089700000, 0x0000000089700000, 0x0000000089800000|  0%| F|  |TAMS 0x0000000089700000, 0x0000000089700000| Untracked 
|  30|0x0000000089800000, 0x0000000089800000, 0x0000000089900000|  0%| F|  |TAMS 0x0000000089800000, 0x0000000089800000| Untracked 
|  31|0x0000000089900000, 0x0000000089900000, 0x0000000089a00000|  0%| F|  |TAMS 0x0000000089900000, 0x0000000089900000| Untracked 
|  32|0x0000000089a00000, 0x0000000089a00000, 0x0000000089b00000|  0%| F|  |TAMS 0x0000000089a00000, 0x0000000089a00000| Untracked 
|  33|0x0000000089b00000, 0x0000000089b00000, 0x0000000089c00000|  0%| F|  |TAMS 0x0000000089b00000, 0x0000000089b00000| Untracked 
|  34|0x0000000089c00000, 0x0000000089c00000, 0x0000000089d00000|  0%| F|  |TAMS 0x0000000089c00000, 0x0000000089c00000| Untracked 
|  35|0x0000000089d00000, 0x0000000089d00000, 0x0000000089e00000|  0%| F|  |TAMS 0x0000000089d00000, 0x0000000089d00000| Untracked 
|  36|0x0000000089e00000, 0x0000000089e00000, 0x0000000089f00000|  0%| F|  |TAMS 0x0000000089e00000, 0x0000000089e00000| Untracked 
|  37|0x0000000089f00000, 0x0000000089f00000, 0x000000008a000000|  0%| F|  |TAMS 0x0000000089f00000, 0x0000000089f00000| Untracked 
|  38|0x000000008a000000, 0x000000008a000000, 0x000000008a100000|  0%| F|  |TAMS 0x000000008a000000, 0x000000008a000000| Untracked 
|  39|0x000000008a100000, 0x000000008a100000, 0x000000008a200000|  0%| F|  |TAMS 0x000000008a100000, 0x000000008a100000| Untracked 
|  40|0x000000008a200000, 0x000000008a200000, 0x000000008a300000|  0%| F|  |TAMS 0x000000008a200000, 0x000000008a200000| Untracked 
|  41|0x000000008a300000, 0x000000008a300000, 0x000000008a400000|  0%| F|  |TAMS 0x000000008a300000, 0x000000008a300000| Untracked 
|  42|0x000000008a400000, 0x000000008a400000, 0x000000008a500000|  0%| F|  |TAMS 0x000000008a400000, 0x000000008a400000| Untracked 
|  43|0x000000008a500000, 0x000000008a500000, 0x000000008a600000|  0%| F|  |TAMS 0x000000008a500000, 0x000000008a500000| Untracked 
|  44|0x000000008a600000, 0x000000008a600000, 0x000000008a700000|  0%| F|  |TAMS 0x000000008a600000, 0x000000008a600000| Untracked 
|  45|0x000000008a700000, 0x000000008a700000, 0x000000008a800000|  0%| F|  |TAMS 0x000000008a700000, 0x000000008a700000| Untracked 
|  46|0x000000008a800000, 0x000000008a800000, 0x000000008a900000|  0%| F|  |TAMS 0x000000008a800000, 0x000000008a800000| Untracked 
|  47|0x000000008a900000, 0x000000008a900000, 0x000000008aa00000|  0%| F|  |TAMS 0x000000008a900000, 0x000000008a900000| Untracked 
|  48|0x000000008aa00000, 0x000000008aa00000, 0x000000008ab00000|  0%| F|  |TAMS 0x000000008aa00000, 0x000000008aa00000| Untracked 
|  49|0x000000008ab00000, 0x000000008ab00000, 0x000000008ac00000|  0%| F|  |TAMS 0x000000008ab00000, 0x000000008ab00000| Untracked 
|  50|0x000000008ac00000, 0x000000008ac00000, 0x000000008ad00000|  0%| F|  |TAMS 0x000000008ac00000, 0x000000008ac00000| Untracked 
|  51|0x000000008ad00000, 0x000000008ad00000, 0x000000008ae00000|  0%| F|  |TAMS 0x000000008ad00000, 0x000000008ad00000| Untracked 
|  52|0x000000008ae00000, 0x000000008ae00000, 0x000000008af00000|  0%| F|  |TAMS 0x000000008ae00000, 0x000000008ae00000| Untracked 
|  53|0x000000008af00000, 0x000000008af00000, 0x000000008b000000|  0%| F|  |TAMS 0x000000008af00000, 0x000000008af00000| Untracked 
|  54|0x000000008b000000, 0x000000008b000000, 0x000000008b100000|  0%| F|  |TAMS 0x000000008b000000, 0x000000008b000000| Untracked 
|  55|0x000000008b100000, 0x000000008b100000, 0x000000008b200000|  0%| F|  |TAMS 0x000000008b100000, 0x000000008b100000| Untracked 
|  56|0x000000008b200000, 0x000000008b200000, 0x000000008b300000|  0%| F|  |TAMS 0x000000008b200000, 0x000000008b200000| Untracked 
|  57|0x000000008b300000, 0x000000008b300000, 0x000000008b400000|  0%| F|  |TAMS 0x000000008b300000, 0x000000008b300000| Untracked 
|  58|0x000000008b400000, 0x000000008b400000, 0x000000008b500000|  0%| F|  |TAMS 0x000000008b400000, 0x000000008b400000| Untracked 
|  59|0x000000008b500000, 0x000000008b500000, 0x000000008b600000|  0%| F|  |TAMS 0x000000008b500000, 0x000000008b500000| Untracked 
|  60|0x000000008b600000, 0x000000008b600000, 0x000000008b700000|  0%| F|  |TAMS 0x000000008b600000, 0x000000008b600000| Untracked 
|  61|0x000000008b700000, 0x000000008b700000, 0x000000008b800000|  0%| F|  |TAMS 0x000000008b700000, 0x000000008b700000| Untracked 
|  62|0x000000008b800000, 0x000000008b800000, 0x000000008b900000|  0%| F|  |TAMS 0x000000008b800000, 0x000000008b800000| Untracked 
|  63|0x000000008b900000, 0x000000008b900000, 0x000000008ba00000|  0%| F|  |TAMS 0x000000008b900000, 0x000000008b900000| Untracked 
|  64|0x000000008ba00000, 0x000000008ba00000, 0x000000008bb00000|  0%| F|  |TAMS 0x000000008ba00000, 0x000000008ba00000| Untracked 
|  65|0x000000008bb00000, 0x000000008bb00000, 0x000000008bc00000|  0%| F|  |TAMS 0x000000008bb00000, 0x000000008bb00000| Untracked 
|  66|0x000000008bc00000, 0x000000008bc00000, 0x000000008bd00000|  0%| F|  |TAMS 0x000000008bc00000, 0x000000008bc00000| Untracked 
|  67|0x000000008bd00000, 0x000000008bd00000, 0x000000008be00000|  0%| F|  |TAMS 0x000000008bd00000, 0x000000008bd00000| Untracked 
|  68|0x000000008be00000, 0x000000008be00000, 0x000000008bf00000|  0%| F|  |TAMS 0x000000008be00000, 0x000000008be00000| Untracked 
|  69|0x000000008bf00000, 0x000000008bf00000, 0x000000008c000000|  0%| F|  |TAMS 0x000000008bf00000, 0x000000008bf00000| Untracked 
|  70|0x000000008c000000, 0x000000008c000000, 0x000000008c100000|  0%| F|  |TAMS 0x000000008c000000, 0x000000008c000000| Untracked 
|  71|0x000000008c100000, 0x000000008c100000, 0x000000008c200000|  0%| F|  |TAMS 0x000000008c100000, 0x000000008c100000| Untracked 
|  72|0x000000008c200000, 0x000000008c200000, 0x000000008c300000|  0%| F|  |TAMS 0x000000008c200000, 0x000000008c200000| Untracked 
|  73|0x000000008c300000, 0x000000008c300000, 0x000000008c400000|  0%| F|  |TAMS 0x000000008c300000, 0x000000008c300000| Untracked 
|  74|0x000000008c400000, 0x000000008c400000, 0x000000008c500000|  0%| F|  |TAMS 0x000000008c400000, 0x000000008c400000| Untracked 
|  75|0x000000008c500000, 0x000000008c500000, 0x000000008c600000|  0%| F|  |TAMS 0x000000008c500000, 0x000000008c500000| Untracked 
|  76|0x000000008c600000, 0x000000008c600000, 0x000000008c700000|  0%| F|  |TAMS 0x000000008c600000, 0x000000008c600000| Untracked 
|  77|0x000000008c700000, 0x000000008c700000, 0x000000008c800000|  0%| F|  |TAMS 0x000000008c700000, 0x000000008c700000| Untracked 
|  78|0x000000008c800000, 0x000000008c800000, 0x000000008c900000|  0%| F|  |TAMS 0x000000008c800000, 0x000000008c800000| Untracked 
|  79|0x000000008c900000, 0x000000008c900000, 0x000000008ca00000|  0%| F|  |TAMS 0x000000008c900000, 0x000000008c900000| Untracked 
|  80|0x000000008ca00000, 0x000000008ca00000, 0x000000008cb00000|  0%| F|  |TAMS 0x000000008ca00000, 0x000000008ca00000| Untracked 
|  81|0x000000008cb00000, 0x000000008cb00000, 0x000000008cc00000|  0%| F|  |TAMS 0x000000008cb00000, 0x000000008cb00000| Untracked 
|  82|0x000000008cc00000, 0x000000008cc00000, 0x000000008cd00000|  0%| F|  |TAMS 0x000000008cc00000, 0x000000008cc00000| Untracked 
|  83|0x000000008cd00000, 0x000000008cd00000, 0x000000008ce00000|  0%| F|  |TAMS 0x000000008cd00000, 0x000000008cd00000| Untracked 
|  84|0x000000008ce00000, 0x000000008ce00000, 0x000000008cf00000|  0%| F|  |TAMS 0x000000008ce00000, 0x000000008ce00000| Untracked 
|  85|0x000000008cf00000, 0x000000008cf00000, 0x000000008d000000|  0%| F|  |TAMS 0x000000008cf00000, 0x000000008cf00000| Untracked 
|  86|0x000000008d000000, 0x000000008d000000, 0x000000008d100000|  0%| F|  |TAMS 0x000000008d000000, 0x000000008d000000| Untracked 
|  87|0x000000008d100000, 0x000000008d100000, 0x000000008d200000|  0%| F|  |TAMS 0x000000008d100000, 0x000000008d100000| Untracked 
|  88|0x000000008d200000, 0x000000008d200000, 0x000000008d300000|  0%| F|  |TAMS 0x000000008d200000, 0x000000008d200000| Untracked 
|  89|0x000000008d300000, 0x000000008d300000, 0x000000008d400000|  0%| F|  |TAMS 0x000000008d300000, 0x000000008d300000| Untracked 
|  90|0x000000008d400000, 0x000000008d400000, 0x000000008d500000|  0%| F|  |TAMS 0x000000008d400000, 0x000000008d400000| Untracked 
|  91|0x000000008d500000, 0x000000008d500000, 0x000000008d600000|  0%| F|  |TAMS 0x000000008d500000, 0x000000008d500000| Untracked 
|  92|0x000000008d600000, 0x000000008d600000, 0x000000008d700000|  0%| F|  |TAMS 0x000000008d600000, 0x000000008d600000| Untracked 
|  93|0x000000008d700000, 0x000000008d700000, 0x000000008d800000|  0%| F|  |TAMS 0x000000008d700000, 0x000000008d700000| Untracked 
|  94|0x000000008d800000, 0x000000008d800000, 0x000000008d900000|  0%| F|  |TAMS 0x000000008d800000, 0x000000008d800000| Untracked 
|  95|0x000000008d900000, 0x000000008d900000, 0x000000008da00000|  0%| F|  |TAMS 0x000000008d900000, 0x000000008d900000| Untracked 
|  96|0x000000008da00000, 0x000000008da00000, 0x000000008db00000|  0%| F|  |TAMS 0x000000008da00000, 0x000000008da00000| Untracked 
|  97|0x000000008db00000, 0x000000008db00000, 0x000000008dc00000|  0%| F|  |TAMS 0x000000008db00000, 0x000000008db00000| Untracked 
|  98|0x000000008dc00000, 0x000000008dc00000, 0x000000008dd00000|  0%| F|  |TAMS 0x000000008dc00000, 0x000000008dc00000| Untracked 
|  99|0x000000008dd00000, 0x000000008dd00000, 0x000000008de00000|  0%| F|  |TAMS 0x000000008dd00000, 0x000000008dd00000| Untracked 
| 100|0x000000008de00000, 0x000000008de00000, 0x000000008df00000|  0%| F|  |TAMS 0x000000008de00000, 0x000000008de00000| Untracked 
| 101|0x000000008df00000, 0x000000008df00000, 0x000000008e000000|  0%| F|  |TAMS 0x000000008df00000, 0x000000008df00000| Untracked 
| 102|0x000000008e000000, 0x000000008e000000, 0x000000008e100000|  0%| F|  |TAMS 0x000000008e000000, 0x000000008e000000| Untracked 
| 103|0x000000008e100000, 0x000000008e100000, 0x000000008e200000|  0%| F|  |TAMS 0x000000008e100000, 0x000000008e100000| Untracked 
| 104|0x000000008e200000, 0x000000008e200000, 0x000000008e300000|  0%| F|  |TAMS 0x000000008e200000, 0x000000008e200000| Untracked 
| 105|0x000000008e300000, 0x000000008e300000, 0x000000008e400000|  0%| F|  |TAMS 0x000000008e300000, 0x000000008e300000| Untracked 
| 106|0x000000008e400000, 0x000000008e400000, 0x000000008e500000|  0%| F|  |TAMS 0x000000008e400000, 0x000000008e400000| Untracked 
| 107|0x000000008e500000, 0x000000008e500000, 0x000000008e600000|  0%| F|  |TAMS 0x000000008e500000, 0x000000008e500000| Untracked 
| 108|0x000000008e600000, 0x000000008e600000, 0x000000008e700000|  0%| F|  |TAMS 0x000000008e600000, 0x000000008e600000| Untracked 
| 109|0x000000008e700000, 0x000000008e700000, 0x000000008e800000|  0%| F|  |TAMS 0x000000008e700000, 0x000000008e700000| Untracked 
| 110|0x000000008e800000, 0x000000008e800000, 0x000000008e900000|  0%| F|  |TAMS 0x000000008e800000, 0x000000008e800000| Untracked 
| 111|0x000000008e900000, 0x000000008e900000, 0x000000008ea00000|  0%| F|  |TAMS 0x000000008e900000, 0x000000008e900000| Untracked 
| 112|0x000000008ea00000, 0x000000008ea00000, 0x000000008eb00000|  0%| F|  |TAMS 0x000000008ea00000, 0x000000008ea00000| Untracked 
| 113|0x000000008eb00000, 0x000000008eb00000, 0x000000008ec00000|  0%| F|  |TAMS 0x000000008eb00000, 0x000000008eb00000| Untracked 
| 114|0x000000008ec00000, 0x000000008ec00000, 0x000000008ed00000|  0%| F|  |TAMS 0x000000008ec00000, 0x000000008ec00000| Untracked 
| 115|0x000000008ed00000, 0x000000008ed00000, 0x000000008ee00000|  0%| F|  |TAMS 0x000000008ed00000, 0x000000008ed00000| Untracked 
| 116|0x000000008ee00000, 0x000000008ee00000, 0x000000008ef00000|  0%| F|  |TAMS 0x000000008ee00000, 0x000000008ee00000| Untracked 
| 117|0x000000008ef00000, 0x000000008ef00000, 0x000000008f000000|  0%| F|  |TAMS 0x000000008ef00000, 0x000000008ef00000| Untracked 
| 118|0x000000008f000000, 0x000000008f000000, 0x000000008f100000|  0%| F|  |TAMS 0x000000008f000000, 0x000000008f000000| Untracked 
| 119|0x000000008f100000, 0x000000008f100000, 0x000000008f200000|  0%| F|  |TAMS 0x000000008f100000, 0x000000008f100000| Untracked 
| 120|0x000000008f200000, 0x000000008f200800, 0x000000008f300000|  0%| E|  |TAMS 0x000000008f200000, 0x000000008f200000| Complete 
| 121|0x000000008f300000, 0x000000008f400000, 0x000000008f400000|100%| E|CS|TAMS 0x000000008f300000, 0x000000008f300000| Complete 
|1924|0x00000000ffe00000, 0x00000000ffe77000, 0x00000000fff00000| 46%|OA|  |TAMS 0x00000000ffe00000, 0x00000000ffe00000| Untracked 
|1925|0x00000000fff00000, 0x00000000fff81000, 0x0000000100000000| 50%|CA|  |TAMS 0x00000000fff00000, 0x00000000fff00000| Untracked 

Card table byte_map: [0x0000786b7a687000,0x0000786b7aa4a000] _byte_map_base: 0x0000786b7a24a000

Marking Bits (Prev, Next): (CMBitMap*) 0x0000786b74074150, (CMBitMap*) 0x0000786b74074190
 Prev Bits: [0x0000786b784ac000, 0x0000786b7a2c4000)
 Next Bits: [0x0000786b5ade8000, 0x0000786b5cc00000)

Polling page: 0x0000786b7d324000

Metaspace:

Usage:
  Non-class:     81.98 KB used.
      Class:      3.65 KB used.
       Both:     85.63 KB used.

Virtual space:
  Non-class space:       64.00 MB reserved,     192.00 KB ( <1%) committed,  1 nodes.
      Class space:        1.00 GB reserved,     128.00 KB ( <1%) committed,  1 nodes.
             Both:        1.06 GB reserved,     320.00 KB ( <1%) committed. 

Chunk freelists:
   Non-Class:  4.00 MB
       Class:  3.75 MB
        Both:  7.74 MB

MaxMetaspaceSize: unlimited
CompressedClassSpaceSize: 1.00 GB
Initial GC threshold: 21.00 MB
Current GC threshold: 21.00 MB
CDS: on
MetaspaceReclaimPolicy: balanced
 - commit_granule_bytes: 65536.
 - commit_granule_words: 8192.
 - virtual_space_node_default_size: 8388608.
 - enlarge_chunks_in_place: 1.
 - new_chunks_are_fully_committed: 0.
 - uncommit_free_chunks: 1.
 - use_allocation_guard: 0.


Internal statistics:

num_allocs_failed_limit: 0.
num_arena_births: 4.
num_arena_deaths: 0.
num_vsnodes_births: 2.
num_vsnodes_deaths: 0.
num_space_committed: 5.
num_space_uncommitted: 0.
num_chunks_returned_to_freelist: 0.
num_chunks_taken_from_freelist: 5.
num_chunk_merges: 0.
num_chunk_splits: 2.
num_chunks_enlarged: 0.
num_inconsistent_stats: 0.

CodeHeap 'non-profiled nmethods': size=120028Kb used=0Kb max_used=0Kb free=120028Kb
 bounds [0x0000786b646c9000, 0x0000786b64939000, 0x0000786b6bc00000]
CodeHeap 'profiled nmethods': size=120028Kb used=5Kb max_used=5Kb free=120022Kb
 bounds [0x0000786b5cc00000, 0x0000786b5ce70000, 0x0000786b64137000]
CodeHeap 'non-nmethods': size=5704Kb used=1125Kb max_used=1133Kb free=4578Kb
 bounds [0x0000786b64137000, 0x0000786b643a7000, 0x0000786b646c9000]
 total_blobs=298 nmethods=5 adapters=206
 compilation: enabled
              stopped_count=0, restarted_count=0
 full_count=0

Compilation events (10 events):
Event: 0.013 Thread 0x0000786b7414e680    1       3       java.lang.Object::<init> (1 bytes)
Event: 0.013 Thread 0x0000786b7414e680 nmethod 1 0x0000786b5cc00010 code [0x0000786b5cc001a0, 0x0000786b5cc002b0]
Event: 0.013 Thread 0x0000786b7414e680    2       3       java.lang.String::hashCode (60 bytes)
Event: 0.013 Thread 0x0000786b7414e680 nmethod 2 0x0000786b5cc00390 code [0x0000786b5cc00560, 0x0000786b5cc008b0]
Event: 0.013 Thread 0x0000786b7414e680    3       3       java.lang.String::coder (15 bytes)
Event: 0.013 Thread 0x0000786b7414e680 nmethod 3 0x0000786b5cc00990 code [0x0000786b5cc00b20, 0x0000786b5cc00c50]
Event: 0.014 Thread 0x0000786b7414e680    4       3       java.lang.String::length (11 bytes)
Event: 0.014 Thread 0x0000786b7414e680 nmethod 4 0x0000786b5cc00d10 code [0x0000786b5cc00ec0, 0x0000786b5cc01050]
Event: 0.014 Thread 0x0000786b7414e680    5       3       java.lang.String::isLatin1 (19 bytes)
Event: 0.014 Thread 0x0000786b7414e680 nmethod 5 0x0000786b5cc01110 code [0x0000786b5cc012a0, 0x0000786b5cc01410]

GC Heap History (0 events):
No events

Dll operation events (4 events):
Event: 0.001 Loaded shared library /usr/lib/jvm/java-19-openjdk-amd64/lib/libjava.so
Event: 0.001 Loaded shared library /usr/lib/jvm/java-19-openjdk-amd64/lib/libzip.so
Event: 0.007 Loaded shared library /usr/lib/jvm/java-19-openjdk-amd64/lib/libjsvml.so
Event: 0.015 Loaded shared library /home/itunz/Work/JSpring/Iuliana/pro-mirror/myjni/build/libs/shared/libcalc.so

Deoptimization events (0 events):
No events

Classes loaded (10 events):
Event: 0.009 Loading class sun/nio/cs/UTF_8$Encoder
Event: 0.009 Loading class sun/nio/cs/UTF_8$Encoder done
Event: 0.012 Loading class jdk/internal/vm/PostVMInitHook
Event: 0.012 Loading class jdk/internal/vm/PostVMInitHook done
Event: 0.013 Loading class com/itunz/jni/Jni
Event: 0.013 Loading class com/itunz/jni/Jni done
Event: 0.013 Loading class jdk/internal/loader/URLClassPath$FileLoader
Event: 0.013 Loading class jdk/internal/loader/URLClassPath$FileLoader done
Event: 0.013 Loading class jdk/internal/loader/URLClassPath$FileLoader$1
Event: 0.013 Loading class jdk/internal/loader/URLClassPath$FileLoader$1 done

Classes unloaded (0 events):
No events

Classes redefined (0 events):
No events

Internal exceptions (0 events):
No events

VM Operations (0 events):
No events

Events (20 events):
Event: 0.010 Thread 0x0000786b74146400 Thread added: 0x0000786b74146400
Event: 0.010 Protecting memory [0x0000786b58189000,0x0000786b5818d000] with protection modes 0
Event: 0.010 Thread 0x0000786b741477c0 Thread added: 0x0000786b741477c0
Event: 0.010 Protecting memory [0x0000786b58089000,0x0000786b5808d000] with protection modes 0
Event: 0.010 Thread 0x0000786b74148df0 Thread added: 0x0000786b74148df0
Event: 0.010 Protecting memory [0x0000786b3f900000,0x0000786b3f904000] with protection modes 0
Event: 0.010 Thread 0x0000786b7414a270 Thread added: 0x0000786b7414a270
Event: 0.010 Protecting memory [0x0000786b3f800000,0x0000786b3f804000] with protection modes 0
Event: 0.010 Thread 0x0000786b7414b6e0 Thread added: 0x0000786b7414b6e0
Event: 0.010 Protecting memory [0x0000786b3f700000,0x0000786b3f704000] with protection modes 0
Event: 0.010 Thread 0x0000786b7414d0f0 Thread added: 0x0000786b7414d0f0
Event: 0.010 Protecting memory [0x0000786b3f600000,0x0000786b3f604000] with protection modes 0
Event: 0.010 Thread 0x0000786b7414e680 Thread added: 0x0000786b7414e680
Event: 0.010 Protecting memory [0x0000786b3f500000,0x0000786b3f504000] with protection modes 0
Event: 0.010 Thread 0x0000786b74157b40 Thread added: 0x0000786b74157b40
Event: 0.010 Protecting memory [0x0000786b3f400000,0x0000786b3f404000] with protection modes 0
Event: 0.012 Thread 0x0000786b7415ff30 Thread added: 0x0000786b7415ff30
Event: 0.012 Protecting memory [0x0000786b3f300000,0x0000786b3f304000] with protection modes 0
Event: 0.014 Thread 0x0000786b741632a0 Thread added: 0x0000786b741632a0
Event: 0.014 Protecting memory [0x0000786b3f0fe000,0x0000786b3f102000] with protection modes 0


Dynamic libraries:
87a00000-8f400000 rw-p 00000000 00:00 0 
8f400000-ffe00000 ---p 00000000 00:00 0 
ffe00000-ffe77000 rw-p 00d0d000 103:02 26615207                          /usr/lib/jvm/java-19-openjdk-amd64/lib/server/classes.jsa
ffe77000-fff00000 rw-p 00000000 00:00 0 
fff00000-fff81000 rw-p 00c8c000 103:02 26615207                          /usr/lib/jvm/java-19-openjdk-amd64/lib/server/classes.jsa
fff81000-100000000 rw-p 00000000 00:00 0 
800000000-800472000 rw-p 00001000 103:02 26615207                        /usr/lib/jvm/java-19-openjdk-amd64/lib/server/classes.jsa
800472000-800c51000 r--p 00473000 103:02 26615207                        /usr/lib/jvm/java-19-openjdk-amd64/lib/server/classes.jsa
800c51000-801000000 ---p 00000000 00:00 0 
801000000-801010000 rw-p 00000000 00:00 0 
801010000-801040000 ---p 00000000 00:00 0 
801040000-801050000 rw-p 00000000 00:00 0 
801050000-841000000 ---p 00000000 00:00 0 
5eb5665f0000-5eb5665f1000 r--p 00000000 103:02 25956435                  /usr/lib/jvm/java-19-openjdk-amd64/bin/java
5eb5665f1000-5eb5665f2000 r-xp 00001000 103:02 25956435                  /usr/lib/jvm/java-19-openjdk-amd64/bin/java
5eb5665f2000-5eb5665f3000 r--p 00002000 103:02 25956435                  /usr/lib/jvm/java-19-openjdk-amd64/bin/java
5eb5665f3000-5eb5665f4000 r--p 00002000 103:02 25956435                  /usr/lib/jvm/java-19-openjdk-amd64/bin/java
5eb5665f4000-5eb5665f5000 rw-p 00003000 103:02 25956435                  /usr/lib/jvm/java-19-openjdk-amd64/bin/java
5eb56713f000-5eb567186000 rw-p 00000000 00:00 0                          [heap]
786b0c000000-786b0c021000 rw-p 00000000 00:00 0 
786b0c021000-786b10000000 ---p 00000000 00:00 0 
786b10000000-786b10021000 rw-p 00000000 00:00 0 
786b10021000-786b14000000 ---p 00000000 00:00 0 
786b14000000-786b14021000 rw-p 00000000 00:00 0 
786b14021000-786b18000000 ---p 00000000 00:00 0 
786b18000000-786b18021000 rw-p 00000000 00:00 0 
786b18021000-786b1c000000 ---p 00000000 00:00 0 
786b1c000000-786b1c04e000 rw-p 00000000 00:00 0 
786b1c04e000-786b20000000 ---p 00000000 00:00 0 
786b20000000-786b20024000 rw-p 00000000 00:00 0 
786b20024000-786b24000000 ---p 00000000 00:00 0 
786b24000000-786b24021000 rw-p 00000000 00:00 0 
786b24021000-786b28000000 ---p 00000000 00:00 0 
786b28000000-786b28021000 rw-p 00000000 00:00 0 
786b28021000-786b2c000000 ---p 00000000 00:00 0 
786b2c000000-786b2c021000 rw-p 00000000 00:00 0 
786b2c021000-786b30000000 ---p 00000000 00:00 0 
786b30000000-786b30021000 rw-p 00000000 00:00 0 
786b30021000-786b34000000 ---p 00000000 00:00 0 
786b34000000-786b34021000 rw-p 00000000 00:00 0 
786b34021000-786b38000000 ---p 00000000 00:00 0 
786b38000000-786b38021000 rw-p 00000000 00:00 0 
786b38021000-786b3c000000 ---p 00000000 00:00 0 
786b3f0fe000-786b3f102000 ---p 00000000 00:00 0 
786b3f102000-786b3f1fe000 rw-p 00000000 00:00 0 
786b3f1fe000-786b3f1ff000 ---p 00000000 00:00 0 
786b3f1ff000-786b3f300000 rw-p 00000000 00:00 0 
786b3f300000-786b3f304000 ---p 00000000 00:00 0 
786b3f304000-786b3f400000 rw-p 00000000 00:00 0 
786b3f400000-786b3f404000 ---p 00000000 00:00 0 
786b3f404000-786b3f500000 rw-p 00000000 00:00 0 
786b3f500000-786b3f504000 ---p 00000000 00:00 0 
786b3f504000-786b3f600000 rw-p 00000000 00:00 0 
786b3f600000-786b3f604000 ---p 00000000 00:00 0 
786b3f604000-786b3f700000 rw-p 00000000 00:00 0 
786b3f700000-786b3f704000 ---p 00000000 00:00 0 
786b3f704000-786b3f800000 rw-p 00000000 00:00 0 
786b3f800000-786b3f804000 ---p 00000000 00:00 0 
786b3f804000-786b3f900000 rw-p 00000000 00:00 0 
786b3f900000-786b3f904000 ---p 00000000 00:00 0 
786b3f904000-786b3fa00000 rw-p 00000000 00:00 0 
786b3fa00000-786b3ff73000 r--p 00000000 103:02 25954370                  /usr/lib/locale/locale-archive
786b40000000-786b40020000 rw-p 00000000 00:00 0 
786b40020000-786b40400000 ---p 00000000 00:00 0 
786b40400000-786b40410000 rw-p 00000000 00:00 0 
786b40410000-786b44000000 ---p 00000000 00:00 0 
786b44000000-786b44021000 rw-p 00000000 00:00 0 
786b44021000-786b48000000 ---p 00000000 00:00 0 
786b48000000-786b48021000 rw-p 00000000 00:00 0 
786b48021000-786b4c000000 ---p 00000000 00:00 0 
786b4c000000-786b4c021000 rw-p 00000000 00:00 0 
786b4c021000-786b50000000 ---p 00000000 00:00 0 
786b50000000-786b50021000 rw-p 00000000 00:00 0 
786b50021000-786b54000000 ---p 00000000 00:00 0 
786b54000000-786b54021000 rw-p 00000000 00:00 0 
786b54021000-786b58000000 ---p 00000000 00:00 0 
786b58089000-786b5808d000 ---p 00000000 00:00 0 
786b5808d000-786b58189000 rw-p 00000000 00:00 0 
786b58189000-786b5818d000 ---p 00000000 00:00 0 
786b5818d000-786b58289000 rw-p 00000000 00:00 0 
786b58289000-786b5828a000 ---p 00000000 00:00 0 
786b5828a000-786b5838b000 rw-p 00000000 00:00 0 
786b5838b000-786b58390000 r--p 00000000 103:02 26615189                  /usr/lib/jvm/java-19-openjdk-amd64/lib/libjsvml.so
786b58390000-786b583d1000 r-xp 00005000 103:02 26615189                  /usr/lib/jvm/java-19-openjdk-amd64/lib/libjsvml.so
786b583d1000-786b5845a000 r--p 00046000 103:02 26615189                  /usr/lib/jvm/java-19-openjdk-amd64/lib/libjsvml.so
786b5845a000-786b5845b000 r--p 000ce000 103:02 26615189                  /usr/lib/jvm/java-19-openjdk-amd64/lib/libjsvml.so
786b5845b000-786b5845c000 rw-p 000cf000 103:02 26615189                  /usr/lib/jvm/java-19-openjdk-amd64/lib/libjsvml.so
786b5845c000-786b584dd000 rw-p 00000000 00:00 0 
786b584dd000-786b584de000 ---p 00000000 00:00 0 
786b584de000-786b585df000 rw-p 00000000 00:00 0 
786b585df000-786b585e0000 ---p 00000000 00:00 0 
786b585e0000-786b5afd0000 rw-p 00000000 00:00 0 
786b5afd0000-786b5cbf8000 ---p 00000000 00:00 0 
786b5cbf8000-786b5cc00000 rw-p 00000000 00:00 0 
786b5cc00000-786b5ce70000 rwxp 00000000 00:00 0 
786b5ce70000-786b64137000 ---p 00000000 00:00 0 
786b64137000-786b643a7000 rwxp 00000000 00:00 0 
786b643a7000-786b646c9000 ---p 00000000 00:00 0 
786b646c9000-786b64939000 rwxp 00000000 00:00 0 
786b64939000-786b6bc00000 ---p 00000000 00:00 0 
786b6bc00000-786b73f38000 r--s 00000000 103:02 26615204                  /usr/lib/jvm/java-19-openjdk-amd64/lib/modules
786b73fa5000-786b74000000 rw-p 00000000 00:00 0 
786b74000000-786b7416f000 rw-p 00000000 00:00 0 
786b7416f000-786b78000000 ---p 00000000 00:00 0 
786b78028000-786b78129000 rw-p 00000000 00:00 0 
786b78129000-786b7812a000 ---p 00000000 00:00 0 
786b7812a000-786b7822b000 rw-p 00000000 00:00 0 
786b7822b000-786b7822c000 ---p 00000000 00:00 0 
786b7822c000-786b7832d000 rw-p 00000000 00:00 0 
786b7832d000-786b7832e000 ---p 00000000 00:00 0 
786b7832e000-786b78694000 rw-p 00000000 00:00 0 
786b78694000-786b7a2bc000 ---p 00000000 00:00 0 
786b7a2bc000-786b7a301000 rw-p 00000000 00:00 0 
786b7a301000-786b7a686000 ---p 00000000 00:00 0 
786b7a686000-786b7a6c4000 rw-p 00000000 00:00 0 
786b7a6c4000-786b7aa49000 ---p 00000000 00:00 0 
786b7aa49000-786b7aa87000 rw-p 00000000 00:00 0 
786b7aa87000-786b7ae0c000 ---p 00000000 00:00 0 
786b7ae0c000-786b7b61a000 rw-p 00000000 00:00 0 
786b7b61a000-786b7b700000 ---p 00000000 00:00 0 
786b7b700000-786b7b704000 ---p 00000000 00:00 0 
786b7b704000-786b7b800000 rw-p 00000000 00:00 0 
786b7b800000-786b7b89a000 r--p 00000000 103:02 25952921                  /usr/lib/x86_64-linux-gnu/libstdc++.so.6.0.30
786b7b89a000-786b7b9ab000 r-xp 0009a000 103:02 25952921                  /usr/lib/x86_64-linux-gnu/libstdc++.so.6.0.30
786b7b9ab000-786b7ba1a000 r--p 001ab000 103:02 25952921                  /usr/lib/x86_64-linux-gnu/libstdc++.so.6.0.30
786b7ba1a000-786b7ba1b000 ---p 0021a000 103:02 25952921                  /usr/lib/x86_64-linux-gnu/libstdc++.so.6.0.30
786b7ba1b000-786b7ba26000 r--p 0021a000 103:02 25952921                  /usr/lib/x86_64-linux-gnu/libstdc++.so.6.0.30
786b7ba26000-786b7ba29000 rw-p 00225000 103:02 25952921                  /usr/lib/x86_64-linux-gnu/libstdc++.so.6.0.30
786b7ba29000-786b7ba2c000 rw-p 00000000 00:00 0 
786b7ba2e000-786b7ba33000 rw-p 00000000 00:00 0 
786b7ba33000-786b7bb19000 ---p 00000000 00:00 0 
786b7bb19000-786b7bb27000 r--p 00000000 103:02 25954564                  /usr/lib/x86_64-linux-gnu/libm.so.6
786b7bb27000-786b7bba3000 r-xp 0000e000 103:02 25954564                  /usr/lib/x86_64-linux-gnu/libm.so.6
786b7bba3000-786b7bbfe000 r--p 0008a000 103:02 25954564                  /usr/lib/x86_64-linux-gnu/libm.so.6
786b7bbfe000-786b7bbff000 r--p 000e4000 103:02 25954564                  /usr/lib/x86_64-linux-gnu/libm.so.6
786b7bbff000-786b7bc00000 rw-p 000e5000 103:02 25954564                  /usr/lib/x86_64-linux-gnu/libm.so.6
786b7bc00000-786b7be73000 r--p 00000000 103:02 26615210                  /usr/lib/jvm/java-19-openjdk-amd64/lib/server/libjvm.so
786b7be73000-786b7ccc8000 r-xp 00273000 103:02 26615210                  /usr/lib/jvm/java-19-openjdk-amd64/lib/server/libjvm.so
786b7ccc8000-786b7ce93000 r--p 010c8000 103:02 26615210                  /usr/lib/jvm/java-19-openjdk-amd64/lib/server/libjvm.so
786b7ce93000-786b7cf5e000 r--p 01292000 103:02 26615210                  /usr/lib/jvm/java-19-openjdk-amd64/lib/server/libjvm.so
786b7cf5e000-786b7cf8b000 rw-p 0135d000 103:02 26615210                  /usr/lib/jvm/java-19-openjdk-amd64/lib/server/libjvm.so
786b7cf8b000-786b7cfe7000 rw-p 00000000 00:00 0 
786b7d000000-786b7d028000 r--p 00000000 103:02 25954522                  /usr/lib/x86_64-linux-gnu/libc.so.6
786b7d028000-786b7d1bd000 r-xp 00028000 103:02 25954522                  /usr/lib/x86_64-linux-gnu/libc.so.6
786b7d1bd000-786b7d215000 r--p 001bd000 103:02 25954522                  /usr/lib/x86_64-linux-gnu/libc.so.6
786b7d215000-786b7d216000 ---p 00215000 103:02 25954522                  /usr/lib/x86_64-linux-gnu/libc.so.6
786b7d216000-786b7d21a000 r--p 00215000 103:02 25954522                  /usr/lib/x86_64-linux-gnu/libc.so.6
786b7d21a000-786b7d21c000 rw-p 00219000 103:02 25954522                  /usr/lib/x86_64-linux-gnu/libc.so.6
786b7d21c000-786b7d229000 rw-p 00000000 00:00 0 
786b7d23d000-786b7d244000 r--s 00000000 103:02 26649014                  /usr/lib/x86_64-linux-gnu/gconv/gconv-modules.cache
786b7d244000-786b7d24f000 r--p 00000000 103:02 20972351                  /home/itunz/Work/JSpring/Iuliana/pro-mirror/myjni/build/libs/shared/libcalc.so
786b7d24f000-786b7d256000 r-xp 0000b000 103:02 20972351                  /home/itunz/Work/JSpring/Iuliana/pro-mirror/myjni/build/libs/shared/libcalc.so
786b7d256000-786b7d259000 r--p 00012000 103:02 20972351                  /home/itunz/Work/JSpring/Iuliana/pro-mirror/myjni/build/libs/shared/libcalc.so
786b7d259000-786b7d25a000 r--p 00014000 103:02 20972351                  /home/itunz/Work/JSpring/Iuliana/pro-mirror/myjni/build/libs/shared/libcalc.so
786b7d25a000-786b7d25b000 rw-p 00015000 103:02 20972351                  /home/itunz/Work/JSpring/Iuliana/pro-mirror/myjni/build/libs/shared/libcalc.so
786b7d25b000-786b7d2a1000 rw-p 00000000 00:00 0 
786b7d2a1000-786b7d2a8000 ---p 00000000 00:00 0 
786b7d2a8000-786b7d2b5000 r--p 00000000 103:02 26615182                  /usr/lib/jvm/java-19-openjdk-amd64/lib/libjava.so
786b7d2b5000-786b7d2c8000 r-xp 0000d000 103:02 26615182                  /usr/lib/jvm/java-19-openjdk-amd64/lib/libjava.so
786b7d2c8000-786b7d2ce000 r--p 00020000 103:02 26615182                  /usr/lib/jvm/java-19-openjdk-amd64/lib/libjava.so
786b7d2ce000-786b7d2cf000 r--p 00025000 103:02 26615182                  /usr/lib/jvm/java-19-openjdk-amd64/lib/libjava.so
786b7d2cf000-786b7d2d0000 rw-p 00026000 103:02 26615182                  /usr/lib/jvm/java-19-openjdk-amd64/lib/libjava.so
786b7d2d0000-786b7d2d1000 rw-p 00000000 00:00 0 
786b7d2d1000-786b7d2d4000 r--p 00000000 103:02 25955208                  /usr/lib/x86_64-linux-gnu/libgcc_s.so.1
786b7d2d4000-786b7d2eb000 r-xp 00003000 103:02 25955208                  /usr/lib/x86_64-linux-gnu/libgcc_s.so.1
786b7d2eb000-786b7d2ef000 r--p 0001a000 103:02 25955208                  /usr/lib/x86_64-linux-gnu/libgcc_s.so.1
786b7d2ef000-786b7d2f0000 r--p 0001d000 103:02 25955208                  /usr/lib/x86_64-linux-gnu/libgcc_s.so.1
786b7d2f0000-786b7d2f1000 rw-p 0001e000 103:02 25955208                  /usr/lib/x86_64-linux-gnu/libgcc_s.so.1
786b7d2f1000-786b7d2f3000 rw-p 00000000 00:00 0 
786b7d2f3000-786b7d2f5000 r--p 00000000 103:02 25956711                  /usr/lib/x86_64-linux-gnu/libz.so.1.2.11
786b7d2f5000-786b7d306000 r-xp 00002000 103:02 25956711                  /usr/lib/x86_64-linux-gnu/libz.so.1.2.11
786b7d306000-786b7d30c000 r--p 00013000 103:02 25956711                  /usr/lib/x86_64-linux-gnu/libz.so.1.2.11
786b7d30c000-786b7d30d000 ---p 00019000 103:02 25956711                  /usr/lib/x86_64-linux-gnu/libz.so.1.2.11
786b7d30d000-786b7d30e000 r--p 00019000 103:02 25956711                  /usr/lib/x86_64-linux-gnu/libz.so.1.2.11
786b7d30e000-786b7d30f000 rw-p 0001a000 103:02 25956711                  /usr/lib/x86_64-linux-gnu/libz.so.1.2.11
786b7d310000-786b7d312000 r--s 0000c000 103:02 26874983                  /usr/share/java/java-atk-wrapper.jar
786b7d312000-786b7d314000 r--p 00000000 103:02 26615203                  /usr/lib/jvm/java-19-openjdk-amd64/lib/libzip.so
786b7d314000-786b7d318000 r-xp 00002000 103:02 26615203                  /usr/lib/jvm/java-19-openjdk-amd64/lib/libzip.so
786b7d318000-786b7d31a000 r--p 00006000 103:02 26615203                  /usr/lib/jvm/java-19-openjdk-amd64/lib/libzip.so
786b7d31a000-786b7d31b000 r--p 00007000 103:02 26615203                  /usr/lib/jvm/java-19-openjdk-amd64/lib/libzip.so
786b7d31b000-786b7d31c000 rw-p 00008000 103:02 26615203                  /usr/lib/jvm/java-19-openjdk-amd64/lib/libzip.so
786b7d31c000-786b7d324000 rw-s 00000000 103:02 7209182                   /tmp/hsperfdata_itunz/64802
786b7d324000-786b7d325000 ---p 00000000 00:00 0 
786b7d325000-786b7d326000 r--p 00000000 00:00 0 
786b7d326000-786b7d328000 r--p 00000000 103:02 26615185                  /usr/lib/jvm/java-19-openjdk-amd64/lib/libjimage.so
786b7d328000-786b7d32a000 r-xp 00002000 103:02 26615185                  /usr/lib/jvm/java-19-openjdk-amd64/lib/libjimage.so
786b7d32a000-786b7d32b000 r--p 00004000 103:02 26615185                  /usr/lib/jvm/java-19-openjdk-amd64/lib/libjimage.so
786b7d32b000-786b7d32c000 r--p 00004000 103:02 26615185                  /usr/lib/jvm/java-19-openjdk-amd64/lib/libjimage.so
786b7d32c000-786b7d32d000 rw-p 00005000 103:02 26615185                  /usr/lib/jvm/java-19-openjdk-amd64/lib/libjimage.so
786b7d32d000-786b7d32f000 r--p 00000000 103:02 26615186                  /usr/lib/jvm/java-19-openjdk-amd64/lib/libjli.so
786b7d32f000-786b7d339000 r-xp 00002000 103:02 26615186                  /usr/lib/jvm/java-19-openjdk-amd64/lib/libjli.so
786b7d339000-786b7d33c000 r--p 0000c000 103:02 26615186                  /usr/lib/jvm/java-19-openjdk-amd64/lib/libjli.so
786b7d33c000-786b7d33d000 r--p 0000e000 103:02 26615186                  /usr/lib/jvm/java-19-openjdk-amd64/lib/libjli.so
786b7d33d000-786b7d33e000 rw-p 0000f000 103:02 26615186                  /usr/lib/jvm/java-19-openjdk-amd64/lib/libjli.so
786b7d33e000-786b7d340000 rw-p 00000000 00:00 0 
786b7d340000-786b7d342000 r--p 00000000 103:02 25953377                  /usr/lib/x86_64-linux-gnu/ld-linux-x86-64.so.2
786b7d342000-786b7d36c000 r-xp 00002000 103:02 25953377                  /usr/lib/x86_64-linux-gnu/ld-linux-x86-64.so.2
786b7d36c000-786b7d377000 r--p 0002c000 103:02 25953377                  /usr/lib/x86_64-linux-gnu/ld-linux-x86-64.so.2
786b7d377000-786b7d378000 ---p 00000000 00:00 0 
786b7d378000-786b7d37a000 r--p 00037000 103:02 25953377                  /usr/lib/x86_64-linux-gnu/ld-linux-x86-64.so.2
786b7d37a000-786b7d37c000 rw-p 00039000 103:02 25953377                  /usr/lib/x86_64-linux-gnu/ld-linux-x86-64.so.2
7ffc215a4000-7ffc215c6000 rw-p 00000000 00:00 0                          [stack]
7ffc215f7000-7ffc215fb000 r--p 00000000 00:00 0                          [vvar]
7ffc215fb000-7ffc215fd000 r-xp 00000000 00:00 0                          [vdso]
ffffffffff600000-ffffffffff601000 --xp 00000000 00:00 0                  [vsyscall]


VM Arguments:
jvm_args: -Djava.library.path=/home/itunz/Work/JSpring/Iuliana/pro-mirror/myjni/build/libs/shared -Dfile.encoding=UTF-8 -Duser.country=US -Duser.language=en -Duser.variant 
java_command: com.itunz.jni.Jni
java_class_path (initial): /home/itunz/Work/JSpring/Iuliana/pro-mirror/myjni/build/classes/java/main:/home/itunz/Work/JSpring/Iuliana/pro-mirror/myjni/build/resources/main
Launcher Type: SUN_STANDARD

[Global flags]
     intx CICompilerCount                          = 4                                         {product} {ergonomic}
     uint ConcGCThreads                            = 2                                         {product} {ergonomic}
     uint G1ConcRefinementThreads                  = 8                                         {product} {ergonomic}
   size_t G1HeapRegionSize                         = 1048576                                   {product} {ergonomic}
    uintx GCDrainStackTargetSize                   = 64                                        {product} {ergonomic}
   size_t InitialHeapSize                          = 127926272                                 {product} {ergonomic}
   size_t MarkStackSize                            = 4194304                                   {product} {ergonomic}
   size_t MaxHeapSize                              = 2019557376                                {product} {ergonomic}
   size_t MaxNewSize                               = 1211105280                                {product} {ergonomic}
   size_t MinHeapDeltaBytes                        = 1048576                                   {product} {ergonomic}
   size_t MinHeapSize                              = 8388608                                   {product} {ergonomic}
    uintx NonNMethodCodeHeapSize                   = 5839372                                {pd product} {ergonomic}
    uintx NonProfiledCodeHeapSize                  = 122909434                              {pd product} {ergonomic}
    uintx ProfiledCodeHeapSize                     = 122909434                              {pd product} {ergonomic}
    uintx ReservedCodeCacheSize                    = 251658240                              {pd product} {ergonomic}
     bool SegmentedCodeCache                       = true                                      {product} {ergonomic}
   size_t SoftMaxHeapSize                          = 2019557376                             {manageable} {ergonomic}
     bool UseCompressedClassPointers               = true                           {product lp64_product} {ergonomic}
     bool UseCompressedOops                        = true                           {product lp64_product} {ergonomic}
     bool UseG1GC                                  = true                                      {product} {ergonomic}

Logging:
Log output configuration:
 #0: stdout all=warning uptime,level,tags foldmultilines=false
 #1: stderr all=off uptime,level,tags foldmultilines=false

Environment Variables:
JAVA_HOME=/usr/lib/jvm/java-19-openjdk-amd64
PATH=/home/itunz/.local/bin:/home/itunz/.local/bin:/usr/local/sbin:/usr/local/bin:/usr/sbin:/usr/bin:/sbin:/bin:/usr/games:/usr/local/games:/snap/bin:/snap/bin
USERNAME=itunz
SHELL=/bin/bash
DISPLAY=:0
LANG=en_US.UTF-8
TERM=xterm-256color

Active Locale:
LC_ALL=en_US.UTF-8
LC_COLLATE=en_US.UTF-8
LC_CTYPE=en_US.UTF-8
LC_MESSAGES=en_US.UTF-8
LC_MONETARY=en_US.UTF-8
LC_NUMERIC=en_US.UTF-8
LC_TIME=en_US.UTF-8

Signal Handlers:
   SIGSEGV: 0x0000786b7ca0b900 in libjvm.so+14727424, mask=11100100010111111101111111111110, flags=SA_RESTART|SA_SIGINFO
    SIGBUS: 0x0000786b7ca0b900 in libjvm.so+14727424, mask=11100100010111111101111111111110, flags=SA_RESTART|SA_SIGINFO
    SIGFPE: 0x0000786b7ca0b900 in libjvm.so+14727424, mask=11100100010111111101111111111110, flags=SA_RESTART|SA_SIGINFO
   SIGPIPE: 0x0000786b7c8f3f50 in libjvm.so+13582160, mask=11100100010111111101111111111110, flags=SA_RESTART|SA_SIGINFO
   SIGXFSZ: 0x0000786b7c8f3f50 in libjvm.so+13582160, mask=11100100010111111101111111111110, flags=SA_RESTART|SA_SIGINFO
    SIGILL: 0x0000786b7ca0b900 in libjvm.so+14727424, mask=11100100010111111101111111111110, flags=SA_RESTART|SA_SIGINFO
   SIGUSR2: 0x0000786b7c8ed7c0 in libjvm.so+13555648, mask=00100000000000000000000000000000, flags=SA_RESTART|SA_SIGINFO
    SIGHUP: 0x0000786b7c8ed6e0 in libjvm.so+13555424, mask=11100100010111111101111111111110, flags=SA_RESTART|SA_SIGINFO
    SIGINT: 0x0000786b7c8ed6e0 in libjvm.so+13555424, mask=11100100010111111101111111111110, flags=SA_RESTART|SA_SIGINFO
   SIGTERM: 0x0000786b7c8ed6e0 in libjvm.so+13555424, mask=11100100010111111101111111111110, flags=SA_RESTART|SA_SIGINFO
   SIGQUIT: 0x0000786b7c8ed6e0 in libjvm.so+13555424, mask=11100100010111111101111111111110, flags=SA_RESTART|SA_SIGINFO
   SIGTRAP: 0x0000786b7ca0b900 in libjvm.so+14727424, mask=11100100010111111101111111111110, flags=SA_RESTART|SA_SIGINFO


---------------  S Y S T E M  ---------------

OS:
DISTRIB_ID=Ubuntu
DISTRIB_RELEASE=22.04
DISTRIB_CODENAME=jammy
DISTRIB_DESCRIPTION="Ubuntu 22.04.4 LTS"
uname: Linux 6.5.0-28-generic #29~22.04.1-Ubuntu SMP PREEMPT_DYNAMIC Thu Apr  4 14:39:20 UTC 2 x86_64
OS uptime: 0 days 0:58 hours
libc: glibc 2.35 NPTL 2.35 
rlimit (soft/hard): STACK 8192k/infinity , CORE 0k/infinity , NPROC 30484/30484 , NOFILE 1048576/1048576 , AS infinity/infinity , CPU infinity/infinity , DATA infinity/infinity , FSIZE infinity/infinity , MEMLOCK 985800k/985800k
load average: 0.85 0.83 0.73

/proc/meminfo:
MemTotal:        7886428 kB
MemFree:          590660 kB
MemAvailable:    2344092 kB
Buffers:           89380 kB
Cached:          2431528 kB
SwapCached:        29312 kB
Active:          3954344 kB
Inactive:        2477908 kB
Active(anon):    2952168 kB
Inactive(anon):  1604736 kB
Active(file):    1002176 kB
Inactive(file):   873172 kB
Unevictable:      273092 kB
Mlocked:              16 kB
SwapTotal:       2097148 kB
SwapFree:         681468 kB
Zswap:                 0 kB
Zswapped:              0 kB
Dirty:              1148 kB
Writeback:             4 kB
AnonPages:       4162368 kB
Mapped:           569700 kB
Shmem:            655020 kB
KReclaimable:     190380 kB
Slab:             403816 kB
SReclaimable:     190380 kB
SUnreclaim:       213436 kB
KernelStack:       26156 kB
PageTables:        61992 kB
SecPageTables:         0 kB
NFS_Unstable:          0 kB
Bounce:                0 kB
WritebackTmp:          0 kB
CommitLimit:     6040360 kB
Committed_AS:   15694128 kB
VmallocTotal:   34359738367 kB
VmallocUsed:       63276 kB
VmallocChunk:          0 kB
Percpu:             7392 kB
HardwareCorrupted:     0 kB
AnonHugePages:         0 kB
ShmemHugePages:   487424 kB
ShmemPmdMapped:        0 kB
FileHugePages:         0 kB
FilePmdMapped:         0 kB
Unaccepted:            0 kB
HugePages_Total:       0
HugePages_Free:        0
HugePages_Rsvd:        0
HugePages_Surp:        0
Hugepagesize:       2048 kB
Hugetlb:               0 kB
DirectMap4k:      253888 kB
DirectMap2M:     4751360 kB
DirectMap1G:     3145728 kB

/sys/kernel/mm/transparent_hugepage/enabled: always [madvise] never
/sys/kernel/mm/transparent_hugepage/defrag (defrag/compaction efforts parameter): always defer defer+madvise [madvise] never

Process Memory:
Virtual Size: 4840540K (peak: 4840540K)
Resident Set Size: 35840K (peak: 35840K) (anon: 8192K, file: 27648K, shmem: 0K)
Swapped out: 0K
C-Heap outstanding allocations: 19731K, retained: 2064K
glibc malloc tunables: (default)

/proc/sys/kernel/threads-max (system-wide limit on the number of threads): 60969
/proc/sys/vm/max_map_count (maximum number of memory map areas a process may have): 65530
/proc/sys/kernel/pid_max (system-wide limit on number of process identifiers): 4194304

container (cgroup) information:
container_type: cgroupv2
cpu_cpuset_cpus: not supported
cpu_memory_nodes: not supported
active_processor_count: 8
cpu_quota: not supported
cpu_period: not supported
cpu_shares: not supported
memory_limit_in_bytes: unlimited
memory_and_swap_limit_in_bytes: unlimited
memory_soft_limit_in_bytes: unlimited
memory_usage_in_bytes: 2867288 k
memory_max_usage_in_bytes: not supported
maximum number of tasks: 9145
current number of tasks: 462

Steal ticks since vm start: 0
Steal ticks percentage since vm start:  0.000

CPU: total 8 (initial active 8) (4 cores per cpu, 2 threads per core) family 6 model 140 stepping 1 microcode 0xb4, cx8, cmov, fxsr, ht, mmx, 3dnowpref, sse, sse2, sse3, ssse3, sse4.1, sse4.2, popcnt, lzcnt, tsc, tscinvbit, avx, avx2, aes, erms, clmul, bmi1, bmi2, adx, avx512f, avx512dq, avx512cd, avx512bw, avx512vl, sha, fma, vzeroupper, avx512_vpopcntdq, avx512_vpclmulqdq, avx512_vaes, avx512_vnni, clflush, clflushopt, clwb, avx512_vbmi2, avx512_vbmi, rdtscp, rdpid, fsrm, gfni, avx512_bitalg
CPU Model and flags from /proc/cpuinfo:
model name	: 11th Gen Intel(R) Core(TM) i5-1135G7 @ 2.40GHz
flags		: fpu vme de pse tsc msr pae mce cx8 apic sep mtrr pge mca cmov pat pse36 clflush dts acpi mmx fxsr sse sse2 ss ht tm pbe syscall nx pdpe1gb rdtscp lm constant_tsc art arch_perfmon pebs bts rep_good nopl xtopology nonstop_tsc cpuid aperfmperf tsc_known_freq pni pclmulqdq dtes64 monitor ds_cpl vmx est tm2 ssse3 sdbg fma cx16 xtpr pdcm pcid sse4_1 sse4_2 x2apic movbe popcnt tsc_deadline_timer aes xsave avx f16c rdrand lahf_lm abm 3dnowprefetch cpuid_fault epb cat_l2 invpcid_single cdp_l2 ssbd ibrs ibpb stibp ibrs_enhanced tpr_shadow flexpriority ept vpid ept_ad fsgsbase tsc_adjust bmi1 avx2 smep bmi2 erms invpcid rdt_a avx512f avx512dq rdseed adx smap avx512ifma clflushopt clwb intel_pt avx512cd sha_ni avx512bw avx512vl xsaveopt xsavec xgetbv1 xsaves split_lock_detect dtherm ida arat pln pts hwp hwp_notify hwp_act_window hwp_epp hwp_pkg_req vnmi avx512vbmi umip pku ospke avx512_vbmi2 gfni vaes vpclmulqdq avx512_vnni avx512_bitalg avx512_vpopcntdq rdpid movdiri movdir64b fsrm avx512_vp2intersect md_clear ibt flush_l1d arch_capabilities

Online cpus: 0-7
Offline cpus: 
BIOS frequency limitation: <Not Available>
Frequency switch latency (ns): 0
Available cpu frequencies: <Not Available>
Current governor: powersave
Core performance/turbo boost: <Not Available>

Memory: 4k page, physical 7886428k(590660k free), swap 2097148k(681468k free)
Page Sizes: 4k

vm_info: OpenJDK 64-Bit Server VM (19.0.2+7-Ubuntu-0ubuntu322.04) for linux-amd64 JRE (19.0.2+7-Ubuntu-0ubuntu322.04), built on 2023-02-19T21:39:48Z by "buildd" with gcc 11.3.0

END.
